# JRE version: Java(TM) SE Runtime Environment (7.0_67-b01) (build 1.7.0_67-b01)
# Java VM: Java HotSpot(TM) 64-Bit Server VM (24.65-b04 mixed mode bsd-amd64 compressed oops)
Heap
 PSYoungGen      total 62464K, used 34263K [0x00000007aaa80000, 0x00000007af280000, 0x0000000800000000)
  eden space 61440K, 54% used [0x00000007aaa80000,0x00000007acb2dd70,0x00000007ae680000)
  from space 1024K, 78% used [0x00000007aea00000,0x00000007aeac8000,0x00000007aeb00000)
  to   space 6144K, 0% used [0x00000007aec80000,0x00000007aec80000,0x00000007af280000)
 ParOldGen       total 235008K, used 183710K [0x0000000700000000, 0x000000070e580000, 0x00000007aaa80000)
  object space 235008K, 78% used [0x0000000700000000,0x000000070b367bc8,0x000000070e580000)
 PSPermGen       total 21504K, used 10993K [0x00000006fae00000, 0x00000006fc300000, 0x0000000700000000)
  object space 21504K, 51% used [0x00000006fae00000,0x00000006fb8bc6f0,0x00000006fc300000)
GC Heap History (10 events):
Event: 13.134 GC heap before
{Heap before GC invocations=3 (full 0):
 PSYoungGen      total 76800K, used 69848K [0x00000007aaa80000, 0x00000007b0000000, 0x0000000800000000)
  eden space 66048K, 100% used [0x00000007aaa80000,0x00000007aeb00000,0x00000007aeb00000)
  from space 10752K, 35% used [0x00000007af580000,0x00000007af936100,0x00000007b0000000)
  to   space 10752K, 0% used [0x00000007aeb00000,0x00000007aeb00000,0x00000007af580000)
 ParOldGen       total 235008K, used 180016K [0x0000000700000000, 0x000000070e580000, 0x00000007aaa80000)
  object space 235008K, 76% used [0x0000000700000000,0x000000070afcc030,0x000000070e580000)
 PSPermGen       total 21504K, used 10176K [0x00000006fae00000, 0x00000006fc300000, 0x0000000700000000)
  object space 21504K, 47% used [0x00000006fae00000,0x00000006fb7f01e8,0x00000006fc300000)
Event: 13.137 GC heap after
Heap after GC invocations=3 (full 0):
 PSYoungGen      total 76800K, used 3816K [0x00000007aaa80000, 0x00000007b0000000, 0x0000000800000000)
  eden space 66048K, 0% used [0x00000007aaa80000,0x00000007aaa80000,0x00000007aeb00000)
  from space 10752K, 35% used [0x00000007aeb00000,0x00000007aeeba0f0,0x00000007af580000)
  to   space 10752K, 0% used [0x00000007af580000,0x00000007af580000,0x00000007b0000000)
 ParOldGen       total 235008K, used 180024K [0x0000000700000000, 0x000000070e580000, 0x00000007aaa80000)
  object space 235008K, 76% used [0x0000000700000000,0x000000070afce030,0x000000070e580000)
 PSPermGen       total 21504K, used 10176K [0x00000006fae00000, 0x00000006fc300000, 0x0000000700000000)
  object space 21504K, 47% used [0x00000006fae00000,0x00000006fb7f01e8,0x00000006fc300000)
}
Event: 34.370 GC heap before
{Heap before GC invocations=4 (full 0):
 PSYoungGen      total 76800K, used 69864K [0x00000007aaa80000, 0x00000007b0000000, 0x0000000800000000)
  eden space 66048K, 100% used [0x00000007aaa80000,0x00000007aeb00000,0x00000007aeb00000)
  from space 10752K, 35% used [0x00000007aeb00000,0x00000007aeeba0f0,0x00000007af580000)
  to   space 10752K, 0% used [0x00000007af580000,0x00000007af580000,0x00000007b0000000)
 ParOldGen       total 235008K, used 180024K [0x0000000700000000, 0x000000070e580000, 0x00000007aaa80000)
  object space 235008K, 76% used [0x0000000700000000,0x000000070afce030,0x000000070e580000)
 PSPermGen       total 21504K, used 10330K [0x00000006fae00000, 0x00000006fc300000, 0x0000000700000000)
  object space 21504K, 48% used [0x00000006fae00000,0x00000006fb816840,0x00000006fc300000)
Event: 34.374 GC heap after
Heap after GC invocations=4 (full 0):
 PSYoungGen      total 76800K, used 3976K [0x00000007aaa80000, 0x00000007b0000000, 0x0000000800000000)
  eden space 66048K, 0% used [0x00000007aaa80000,0x00000007aaa80000,0x00000007aeb00000)
  from space 10752K, 36% used [0x00000007af580000,0x00000007af9620f0,0x00000007b0000000)
  to   space 10752K, 0% used [0x00000007aeb00000,0x00000007aeb00000,0x00000007af580000)
 ParOldGen       total 235008K, used 180046K [0x0000000700000000, 0x000000070e580000, 0x00000007aaa80000)
  object space 235008K, 76% used [0x0000000700000000,0x000000070afd3ba8,0x000000070e580000)
 PSPermGen       total 21504K, used 10330K [0x00000006fae00000, 0x00000006fc300000, 0x0000000700000000)
  object space 21504K, 48% used [0x00000006fae00000,0x00000006fb816840,0x00000006fc300000)
}
Event: 49.384 GC heap before
{Heap before GC invocations=5 (full 0):
 PSYoungGen      total 76800K, used 70024K [0x00000007aaa80000, 0x00000007b0000000, 0x0000000800000000)
  eden space 66048K, 100% used [0x00000007aaa80000,0x00000007aeb00000,0x00000007aeb00000)
  from space 10752K, 36% used [0x00000007af580000,0x00000007af9620f0,0x00000007b0000000)
  to   space 10752K, 0% used [0x00000007aeb00000,0x00000007aeb00000,0x00000007af580000)
 ParOldGen       total 235008K, used 180046K [0x0000000700000000, 0x000000070e580000, 0x00000007aaa80000)
  object space 235008K, 76% used [0x0000000700000000,0x000000070afd3ba8,0x000000070e580000)
 PSPermGen       total 21504K, used 10578K [0x00000006fae00000, 0x00000006fc300000, 0x0000000700000000)
  object space 21504K, 49% used [0x00000006fae00000,0x00000006fb8549d0,0x00000006fc300000)
Event: 49.389 GC heap after
Heap after GC invocations=5 (full 0):
 PSYoungGen      total 69120K, used 4168K [0x00000007aaa80000, 0x00000007af600000, 0x0000000800000000)
  eden space 64512K, 0% used [0x00000007aaa80000,0x00000007aaa80000,0x00000007ae980000)
  from space 4608K, 90% used [0x00000007aeb00000,0x00000007aef120f0,0x00000007aef80000)
  to   space 5632K, 0% used [0x00000007af080000,0x00000007af080000,0x00000007af600000)
 ParOldGen       total 235008K, used 180054K [0x0000000700000000, 0x000000070e580000, 0x00000007aaa80000)
  object space 235008K, 76% used [0x0000000700000000,0x000000070afd5ba8,0x000000070e580000)
 PSPermGen       total 21504K, used 10578K [0x00000006fae00000, 0x00000006fc300000, 0x0000000700000000)
  object space 21504K, 49% used [0x00000006fae00000,0x00000006fb8549d0,0x00000006fc300000)
}
Event: 94.635 GC heap before
{Heap before GC invocations=6 (full 0):
 PSYoungGen      total 69120K, used 68680K [0x00000007aaa80000, 0x00000007af600000, 0x0000000800000000)
  eden space 64512K, 100% used [0x00000007aaa80000,0x00000007ae980000,0x00000007ae980000)
  from space 4608K, 90% used [0x00000007aeb00000,0x00000007aef120f0,0x00000007aef80000)
  to   space 5632K, 0% used [0x00000007af080000,0x00000007af080000,0x00000007af600000)
 ParOldGen       total 235008K, used 180054K [0x0000000700000000, 0x000000070e580000, 0x00000007aaa80000)
  object space 235008K, 76% used [0x0000000700000000,0x000000070afd5ba8,0x000000070e580000)
 PSPermGen       total 21504K, used 10867K [0x00000006fae00000, 0x00000006fc300000, 0x0000000700000000)
  object space 21504K, 50% used [0x00000006fae00000,0x00000006fb89cfc0,0x00000006fc300000)
Event: 94.640 GC heap after
Heap after GC invocations=6 (full 0):
 PSYoungGen      total 67584K, used 4344K [0x00000007aaa80000, 0x00000007af500000, 0x0000000800000000)
  eden space 62976K, 0% used [0x00000007aaa80000,0x00000007aaa80000,0x00000007ae800000)
  from space 4608K, 94% used [0x00000007af080000,0x00000007af4be100,0x00000007af500000)
  to   space 5632K, 0% used [0x00000007aea00000,0x00000007aea00000,0x00000007aef80000)
 ParOldGen       total 235008K, used 180062K [0x0000000700000000, 0x000000070e580000, 0x00000007aaa80000)
  object space 235008K, 76% used [0x0000000700000000,0x000000070afd7ba8,0x000000070e580000)
 PSPermGen       total 21504K, used 10867K [0x00000006fae00000, 0x00000006fc300000, 0x0000000700000000)
  object space 21504K, 50% used [0x00000006fae00000,0x00000006fb89cfc0,0x00000006fc300000)
}
Event: 178.010 GC heap before
{Heap before GC invocations=7 (full 0):
 PSYoungGen      total 67584K, used 67320K [0x00000007aaa80000, 0x00000007af500000, 0x0000000800000000)
  eden space 62976K, 100% used [0x00000007aaa80000,0x00000007ae800000,0x00000007ae800000)
  from space 4608K, 94% used [0x00000007af080000,0x00000007af4be100,0x00000007af500000)
  to   space 5632K, 0% used [0x00000007aea00000,0x00000007aea00000,0x00000007aef80000)
 ParOldGen       total 235008K, used 180062K [0x0000000700000000, 0x000000070e580000, 0x00000007aaa80000)
  object space 235008K, 76% used [0x0000000700000000,0x000000070afd7ba8,0x000000070e580000)
 PSPermGen       total 21504K, used 10941K [0x00000006fae00000, 0x00000006fc300000, 0x0000000700000000)
  object space 21504K, 50% used [0x00000006fae00000,0x00000006fb8af708,0x00000006fc300000)
Event: 178.016 GC heap after
Heap after GC invocations=7 (full 0):
 PSYoungGen      total 62464K, used 800K [0x00000007aaa80000, 0x00000007af280000, 0x0000000800000000)
  eden space 61440K, 0% used [0x00000007aaa80000,0x00000007aaa80000,0x00000007ae680000)
  from space 1024K, 78% used [0x00000007aea00000,0x00000007aeac8000,0x00000007aeb00000)
  to   space 6144K, 0% used [0x00000007aec80000,0x00000007aec80000,0x00000007af280000)
 ParOldGen       total 235008K, used 183710K [0x0000000700000000, 0x000000070e580000, 0x00000007aaa80000)
  object space 235008K, 78% used [0x0000000700000000,0x000000070b367bc8,0x000000070e580000)
 PSPermGen       total 21504K, used 10941K [0x00000006fae00000, 0x00000006fc300000, 0x0000000700000000)
  object space 21504K, 50% used [0x00000006fae00000,0x00000006fb8af708,0x00000006fc300000)
}

