# JRE version: Java(TM) SE Runtime Environment (7.0_67-b01) (build 1.7.0_67-b01)
# Java VM: Java HotSpot(TM) 64-Bit Server VM (24.65-b04 mixed mode bsd-amd64 compressed oops)
Heap
 PSYoungGen      total 76800K, used 4155K [0x00000007aaa80000, 0x00000007b0000000, 0x0000000800000000)
  eden space 66048K, 4% used [0x00000007aaa80000,0x00000007aad4e670,0x00000007aeb00000)
  from space 10752K, 11% used [0x00000007af580000,0x00000007af6c08b0,0x00000007b0000000)
  to   space 10752K, 0% used [0x00000007aeb00000,0x00000007aeb00000,0x00000007af580000)
 ParOldGen       total 202752K, used 128164K [0x0000000700000000, 0x000000070c600000, 0x00000007aaa80000)
  object space 202752K, 63% used [0x0000000700000000,0x0000000707d29388,0x000000070c600000)
 PSPermGen       total 23552K, used 12734K [0x00000006fae00000, 0x00000006fc500000, 0x0000000700000000)
  object space 23552K, 54% used [0x00000006fae00000,0x00000006fba6fad8,0x00000006fc500000)
GC Heap History (6 events):
Event: 9.997 GC heap before
{Heap before GC invocations=1 (full 0):
 PSYoungGen      total 76800K, used 66048K [0x00000007aaa80000, 0x00000007b0000000, 0x0000000800000000)
  eden space 66048K, 100% used [0x00000007aaa80000,0x00000007aeb00000,0x00000007aeb00000)
  from space 10752K, 0% used [0x00000007af580000,0x00000007af580000,0x00000007b0000000)
  to   space 10752K, 0% used [0x00000007aeb00000,0x00000007aeb00000,0x00000007af580000)
 ParOldGen       total 235008K, used 226791K [0x0000000700000000, 0x000000070e580000, 0x00000007aaa80000)
  object space 235008K, 96% used [0x0000000700000000,0x000000070dd79db0,0x000000070e580000)
 PSPermGen       total 21504K, used 11556K [0x00000006fae00000, 0x00000006fc300000, 0x0000000700000000)
  object space 21504K, 53% used [0x00000006fae00000,0x00000006fb9493c0,0x00000006fc300000)
Event: 10.004 GC heap after
Heap after GC invocations=1 (full 0):
 PSYoungGen      total 76800K, used 8330K [0x00000007aaa80000, 0x00000007b0000000, 0x0000000800000000)
  eden space 66048K, 0% used [0x00000007aaa80000,0x00000007aaa80000,0x00000007aeb00000)
  from space 10752K, 77% used [0x00000007aeb00000,0x00000007af322930,0x00000007af580000)
  to   space 10752K, 0% used [0x00000007af580000,0x00000007af580000,0x00000007b0000000)
 ParOldGen       total 235008K, used 226863K [0x0000000700000000, 0x000000070e580000, 0x00000007aaa80000)
  object space 235008K, 96% used [0x0000000700000000,0x000000070dd8bdc0,0x000000070e580000)
 PSPermGen       total 21504K, used 11556K [0x00000006fae00000, 0x00000006fc300000, 0x0000000700000000)
  object space 21504K, 53% used [0x00000006fae00000,0x00000006fb9493c0,0x00000006fc300000)
}
Event: 10.004 GC heap before
{Heap before GC invocations=2 (full 1):
 PSYoungGen      total 76800K, used 8330K [0x00000007aaa80000, 0x00000007b0000000, 0x0000000800000000)
  eden space 66048K, 0% used [0x00000007aaa80000,0x00000007aaa80000,0x00000007aeb00000)
  from space 10752K, 77% used [0x00000007aeb00000,0x00000007af322930,0x00000007af580000)
  to   space 10752K, 0% used [0x00000007af580000,0x00000007af580000,0x00000007b0000000)
 ParOldGen       total 235008K, used 226863K [0x0000000700000000, 0x000000070e580000, 0x00000007aaa80000)
  object space 235008K, 96% used [0x0000000700000000,0x000000070dd8bdc0,0x000000070e580000)
 PSPermGen       total 21504K, used 11556K [0x00000006fae00000, 0x00000006fc300000, 0x0000000700000000)
  object space 21504K, 53% used [0x00000006fae00000,0x00000006fb9493c0,0x00000006fc300000)
Event: 10.052 GC heap after
Heap after GC invocations=2 (full 1):
 PSYoungGen      total 76800K, used 0K [0x00000007aaa80000, 0x00000007b0000000, 0x0000000800000000)
  eden space 66048K, 0% used [0x00000007aaa80000,0x00000007aaa80000,0x00000007aeb00000)
  from space 10752K, 0% used [0x00000007aeb00000,0x00000007aeb00000,0x00000007af580000)
  to   space 10752K, 0% used [0x00000007af580000,0x00000007af580000,0x00000007b0000000)
 ParOldGen       total 202752K, used 128164K [0x0000000700000000, 0x000000070c600000, 0x00000007aaa80000)
  object space 202752K, 63% used [0x0000000700000000,0x0000000707d29388,0x000000070c600000)
 PSPermGen       total 23552K, used 11554K [0x00000006fae00000, 0x00000006fc500000, 0x0000000700000000)
  object space 23552K, 49% used [0x00000006fae00000,0x00000006fb948950,0x00000006fc500000)
}
Event: 289.163 GC heap before
{Heap before GC invocations=3 (full 1):
 PSYoungGen      total 76800K, used 66048K [0x00000007aaa80000, 0x00000007b0000000, 0x0000000800000000)
  eden space 66048K, 100% used [0x00000007aaa80000,0x00000007aeb00000,0x00000007aeb00000)
  from space 10752K, 0% used [0x00000007aeb00000,0x00000007aeb00000,0x00000007af580000)
  to   space 10752K, 0% used [0x00000007af580000,0x00000007af580000,0x00000007b0000000)
 ParOldGen       total 202752K, used 128164K [0x0000000700000000, 0x000000070c600000, 0x00000007aaa80000)
  object space 202752K, 63% used [0x0000000700000000,0x0000000707d29388,0x000000070c600000)
 PSPermGen       total 23552K, used 12710K [0x00000006fae00000, 0x00000006fc500000, 0x0000000700000000)
  object space 23552K, 53% used [0x00000006fae00000,0x00000006fba69aa8,0x00000006fc500000)
Event: 289.166 GC heap after
Heap after GC invocations=3 (full 1):
 PSYoungGen      total 76800K, used 1282K [0x00000007aaa80000, 0x00000007b0000000, 0x0000000800000000)
  eden space 66048K, 0% used [0x00000007aaa80000,0x00000007aaa80000,0x00000007aeb00000)
  from space 10752K, 11% used [0x00000007af580000,0x00000007af6c08b0,0x00000007b0000000)
  to   space 10752K, 0% used [0x00000007aeb00000,0x00000007aeb00000,0x00000007af580000)
 ParOldGen       total 202752K, used 128164K [0x0000000700000000, 0x000000070c600000, 0x00000007aaa80000)
  object space 202752K, 63% used [0x0000000700000000,0x0000000707d29388,0x000000070c600000)
 PSPermGen       total 23552K, used 12710K [0x00000006fae00000, 0x00000006fc500000, 0x0000000700000000)
  object space 23552K, 53% used [0x00000006fae00000,0x00000006fba69aa8,0x00000006fc500000)
}

