# JRE version: Java(TM) SE Runtime Environment (7.0_67-b01) (build 1.7.0_67-b01)
# Java VM: Java HotSpot(TM) 64-Bit Server VM (24.65-b04 mixed mode bsd-amd64 compressed oops)
Heap
 PSYoungGen      total 62464K, used 37825K [0x00000007aaa80000, 0x00000007af280000, 0x0000000800000000)
  eden space 61440K, 60% used [0x00000007aaa80000,0x00000007ace85410,0x00000007ae680000)
  from space 1024K, 91% used [0x00000007ae900000,0x00000007ae9eb3a0,0x00000007aea00000)
  to   space 6144K, 0% used [0x00000007aec80000,0x00000007aec80000,0x00000007af280000)
 ParOldGen       total 235008K, used 183895K [0x0000000700000000, 0x000000070e580000, 0x00000007aaa80000)
  object space 235008K, 78% used [0x0000000700000000,0x000000070b395f08,0x000000070e580000)
 PSPermGen       total 21504K, used 11304K [0x00000006fae00000, 0x00000006fc300000, 0x0000000700000000)
  object space 21504K, 52% used [0x00000006fae00000,0x00000006fb90a298,0x00000006fc300000)
GC Heap History (10 events):
Event: 21.824 GC heap before
{Heap before GC invocations=3 (full 0):
 PSYoungGen      total 76800K, used 70195K [0x00000007aaa80000, 0x00000007b0000000, 0x0000000800000000)
  eden space 66048K, 100% used [0x00000007aaa80000,0x00000007aeb00000,0x00000007aeb00000)
  from space 10752K, 38% used [0x00000007af580000,0x00000007af98cea8,0x00000007b0000000)
  to   space 10752K, 0% used [0x00000007aeb00000,0x00000007aeb00000,0x00000007af580000)
 ParOldGen       total 235008K, used 180016K [0x0000000700000000, 0x000000070e580000, 0x00000007aaa80000)
  object space 235008K, 76% used [0x0000000700000000,0x000000070afcc030,0x000000070e580000)
 PSPermGen       total 21504K, used 10380K [0x00000006fae00000, 0x00000006fc300000, 0x0000000700000000)
  object space 21504K, 48% used [0x00000006fae00000,0x00000006fb823028,0x00000006fc300000)
Event: 21.828 GC heap after
Heap after GC invocations=3 (full 0):
 PSYoungGen      total 76800K, used 4088K [0x00000007aaa80000, 0x00000007b0000000, 0x0000000800000000)
  eden space 66048K, 0% used [0x00000007aaa80000,0x00000007aaa80000,0x00000007aeb00000)
  from space 10752K, 38% used [0x00000007aeb00000,0x00000007aeefe100,0x00000007af580000)
  to   space 10752K, 0% used [0x00000007af580000,0x00000007af580000,0x00000007b0000000)
 ParOldGen       total 235008K, used 180016K [0x0000000700000000, 0x000000070e580000, 0x00000007aaa80000)
  object space 235008K, 76% used [0x0000000700000000,0x000000070afcc030,0x000000070e580000)
 PSPermGen       total 21504K, used 10380K [0x00000006fae00000, 0x00000006fc300000, 0x0000000700000000)
  object space 21504K, 48% used [0x00000006fae00000,0x00000006fb823028,0x00000006fc300000)
}
Event: 22.294 GC heap before
{Heap before GC invocations=4 (full 0):
 PSYoungGen      total 76800K, used 70136K [0x00000007aaa80000, 0x00000007b0000000, 0x0000000800000000)
  eden space 66048K, 100% used [0x00000007aaa80000,0x00000007aeb00000,0x00000007aeb00000)
  from space 10752K, 38% used [0x00000007aeb00000,0x00000007aeefe100,0x00000007af580000)
  to   space 10752K, 0% used [0x00000007af580000,0x00000007af580000,0x00000007b0000000)
 ParOldGen       total 235008K, used 180016K [0x0000000700000000, 0x000000070e580000, 0x00000007aaa80000)
  object space 235008K, 76% used [0x0000000700000000,0x000000070afcc030,0x000000070e580000)
 PSPermGen       total 21504K, used 10393K [0x00000006fae00000, 0x00000006fc300000, 0x0000000700000000)
  object space 21504K, 48% used [0x00000006fae00000,0x00000006fb826678,0x00000006fc300000)
Event: 22.298 GC heap after
Heap after GC invocations=4 (full 0):
 PSYoungGen      total 76800K, used 4074K [0x00000007aaa80000, 0x00000007b0000000, 0x0000000800000000)
  eden space 66048K, 0% used [0x00000007aaa80000,0x00000007aaa80000,0x00000007aeb00000)
  from space 10752K, 37% used [0x00000007af580000,0x00000007af97a8f0,0x00000007b0000000)
  to   space 10752K, 0% used [0x00000007aeb00000,0x00000007aeb00000,0x00000007af580000)
 ParOldGen       total 235008K, used 180024K [0x0000000700000000, 0x000000070e580000, 0x00000007aaa80000)
  object space 235008K, 76% used [0x0000000700000000,0x000000070afce030,0x000000070e580000)
 PSPermGen       total 21504K, used 10393K [0x00000006fae00000, 0x00000006fc300000, 0x0000000700000000)
  object space 21504K, 48% used [0x00000006fae00000,0x00000006fb826678,0x00000006fc300000)
}
Event: 22.725 GC heap before
{Heap before GC invocations=5 (full 0):
 PSYoungGen      total 76800K, used 70122K [0x00000007aaa80000, 0x00000007b0000000, 0x0000000800000000)
  eden space 66048K, 100% used [0x00000007aaa80000,0x00000007aeb00000,0x00000007aeb00000)
  from space 10752K, 37% used [0x00000007af580000,0x00000007af97a8f0,0x00000007b0000000)
  to   space 10752K, 0% used [0x00000007aeb00000,0x00000007aeb00000,0x00000007af580000)
 ParOldGen       total 235008K, used 180024K [0x0000000700000000, 0x000000070e580000, 0x00000007aaa80000)
  object space 235008K, 76% used [0x0000000700000000,0x000000070afce030,0x000000070e580000)
 PSPermGen       total 21504K, used 10407K [0x00000006fae00000, 0x00000006fc300000, 0x0000000700000000)
  object space 21504K, 48% used [0x00000006fae00000,0x00000006fb829c50,0x00000006fc300000)
Event: 22.729 GC heap after
Heap after GC invocations=5 (full 0):
 PSYoungGen      total 68608K, used 4074K [0x00000007aaa80000, 0x00000007af600000, 0x0000000800000000)
  eden space 64512K, 0% used [0x00000007aaa80000,0x00000007aaa80000,0x00000007ae980000)
  from space 4096K, 99% used [0x00000007aeb00000,0x00000007aeefa8f0,0x00000007aef00000)
  to   space 6144K, 0% used [0x00000007af000000,0x00000007af000000,0x00000007af600000)
 ParOldGen       total 235008K, used 180032K [0x0000000700000000, 0x000000070e580000, 0x00000007aaa80000)
  object space 235008K, 76% used [0x0000000700000000,0x000000070afd0030,0x000000070e580000)
 PSPermGen       total 21504K, used 10407K [0x00000006fae00000, 0x00000006fc300000, 0x0000000700000000)
  object space 21504K, 48% used [0x00000006fae00000,0x00000006fb829c50,0x00000006fc300000)
}
Event: 23.114 GC heap before
{Heap before GC invocations=6 (full 0):
 PSYoungGen      total 68608K, used 68586K [0x00000007aaa80000, 0x00000007af600000, 0x0000000800000000)
  eden space 64512K, 100% used [0x00000007aaa80000,0x00000007ae980000,0x00000007ae980000)
  from space 4096K, 99% used [0x00000007aeb00000,0x00000007aeefa8f0,0x00000007aef00000)
  to   space 6144K, 0% used [0x00000007af000000,0x00000007af000000,0x00000007af600000)
 ParOldGen       total 235008K, used 180032K [0x0000000700000000, 0x000000070e580000, 0x00000007aaa80000)
  object space 235008K, 76% used [0x0000000700000000,0x000000070afd0030,0x000000070e580000)
 PSPermGen       total 21504K, used 10413K [0x00000006fae00000, 0x00000006fc300000, 0x0000000700000000)
  object space 21504K, 48% used [0x00000006fae00000,0x00000006fb82b548,0x00000006fc300000)
Event: 23.118 GC heap after
Heap after GC invocations=6 (full 0):
 PSYoungGen      total 67072K, used 4040K [0x00000007aaa80000, 0x00000007af400000, 0x0000000800000000)
  eden space 62976K, 0% used [0x00000007aaa80000,0x00000007aaa80000,0x00000007ae800000)
  from space 4096K, 98% used [0x00000007af000000,0x00000007af3f20f0,0x00000007af400000)
  to   space 5632K, 0% used [0x00000007ae900000,0x00000007ae900000,0x00000007aee80000)
 ParOldGen       total 235008K, used 180032K [0x0000000700000000, 0x000000070e580000, 0x00000007aaa80000)
  object space 235008K, 76% used [0x0000000700000000,0x000000070afd0030,0x000000070e580000)
 PSPermGen       total 21504K, used 10413K [0x00000006fae00000, 0x00000006fc300000, 0x0000000700000000)
  object space 21504K, 48% used [0x00000006fae00000,0x00000006fb82b548,0x00000006fc300000)
}
Event: 35.374 GC heap before
{Heap before GC invocations=7 (full 0):
 PSYoungGen      total 67072K, used 67012K [0x00000007aaa80000, 0x00000007af400000, 0x0000000800000000)
  eden space 62976K, 99% used [0x00000007aaa80000,0x00000007ae7ff0e8,0x00000007ae800000)
  from space 4096K, 98% used [0x00000007af000000,0x00000007af3f20f0,0x00000007af400000)
  to   space 5632K, 0% used [0x00000007ae900000,0x00000007ae900000,0x00000007aee80000)
 ParOldGen       total 235008K, used 180032K [0x0000000700000000, 0x000000070e580000, 0x00000007aaa80000)
  object space 235008K, 76% used [0x0000000700000000,0x000000070afd0030,0x000000070e580000)
 PSPermGen       total 21504K, used 11153K [0x00000006fae00000, 0x00000006fc300000, 0x0000000700000000)
  object space 21504K, 51% used [0x00000006fae00000,0x00000006fb8e4770,0x00000006fc300000)
Event: 35.380 GC heap after
Heap after GC invocations=7 (full 0):
 PSYoungGen      total 62464K, used 940K [0x00000007aaa80000, 0x00000007af280000, 0x0000000800000000)
  eden space 61440K, 0% used [0x00000007aaa80000,0x00000007aaa80000,0x00000007ae680000)
  from space 1024K, 91% used [0x00000007ae900000,0x00000007ae9eb3a0,0x00000007aea00000)
  to   space 6144K, 0% used [0x00000007aec80000,0x00000007aec80000,0x00000007af280000)
 ParOldGen       total 235008K, used 183895K [0x0000000700000000, 0x000000070e580000, 0x00000007aaa80000)
  object space 235008K, 78% used [0x0000000700000000,0x000000070b395f08,0x000000070e580000)
 PSPermGen       total 21504K, used 11153K [0x00000006fae00000, 0x00000006fc300000, 0x0000000700000000)
  object space 21504K, 51% used [0x00000006fae00000,0x00000006fb8e4770,0x00000006fc300000)
}

