# JRE version: Java(TM) SE Runtime Environment (7.0_67-b01) (build 1.7.0_67-b01)
# Java VM: Java HotSpot(TM) 64-Bit Server VM (24.65-b04 mixed mode bsd-amd64 compressed oops)
Heap
 PSYoungGen      total 64512K, used 28862K [0x00000007aaa80000, 0x00000007af180000, 0x0000000800000000)
  eden space 58368K, 48% used [0x00000007aaa80000,0x00000007ac62f8f0,0x00000007ae380000)
  from space 6144K, 8% used [0x00000007aeb80000,0x00000007aec00000,0x00000007af180000)
  to   space 7168K, 0% used [0x00000007ae380000,0x00000007ae380000,0x00000007aea80000)
 ParOldGen       total 235008K, used 218205K [0x0000000700000000, 0x000000070e580000, 0x00000007aaa80000)
  object space 235008K, 92% used [0x0000000700000000,0x000000070d5175a8,0x000000070e580000)
 PSPermGen       total 21504K, used 12067K [0x00000006fae00000, 0x00000006fc300000, 0x0000000700000000)
  object space 21504K, 56% used [0x00000006fae00000,0x00000006fb9c8e28,0x00000006fc300000)
GC Heap History (10 events):
Event: 109.263 GC heap before
{Heap before GC invocations=6 (full 0):
 PSYoungGen      total 69120K, used 69112K [0x00000007aaa80000, 0x00000007af600000, 0x0000000800000000)
  eden space 64512K, 100% used [0x00000007aaa80000,0x00000007ae980000,0x00000007ae980000)
  from space 4608K, 99% used [0x00000007aeb00000,0x00000007aef7e100,0x00000007aef80000)
  to   space 5632K, 0% used [0x00000007af080000,0x00000007af080000,0x00000007af600000)
 ParOldGen       total 235008K, used 180040K [0x0000000700000000, 0x000000070e580000, 0x00000007aaa80000)
  object space 235008K, 76% used [0x0000000700000000,0x000000070afd2030,0x000000070e580000)
 PSPermGen       total 21504K, used 10481K [0x00000006fae00000, 0x00000006fc300000, 0x0000000700000000)
  object space 21504K, 48% used [0x00000006fae00000,0x00000006fb83c6b8,0x00000006fc300000)
Event: 109.268 GC heap after
Heap after GC invocations=6 (full 0):
 PSYoungGen      total 68096K, used 4792K [0x00000007aaa80000, 0x00000007af580000, 0x0000000800000000)
  eden space 62976K, 0% used [0x00000007aaa80000,0x00000007aaa80000,0x00000007ae800000)
  from space 5120K, 93% used [0x00000007af080000,0x00000007af52e100,0x00000007af580000)
  to   space 5632K, 0% used [0x00000007aea80000,0x00000007aea80000,0x00000007af000000)
 ParOldGen       total 235008K, used 180048K [0x0000000700000000, 0x000000070e580000, 0x00000007aaa80000)
  object space 235008K, 76% used [0x0000000700000000,0x000000070afd4030,0x000000070e580000)
 PSPermGen       total 21504K, used 10481K [0x00000006fae00000, 0x00000006fc300000, 0x0000000700000000)
  object space 21504K, 48% used [0x00000006fae00000,0x00000006fb83c6b8,0x00000006fc300000)
}
Event: 111.461 GC heap before
{Heap before GC invocations=7 (full 0):
 PSYoungGen      total 68096K, used 67768K [0x00000007aaa80000, 0x00000007af580000, 0x0000000800000000)
  eden space 62976K, 100% used [0x00000007aaa80000,0x00000007ae800000,0x00000007ae800000)
  from space 5120K, 93% used [0x00000007af080000,0x00000007af52e100,0x00000007af580000)
  to   space 5632K, 0% used [0x00000007aea80000,0x00000007aea80000,0x00000007af000000)
 ParOldGen       total 235008K, used 180048K [0x0000000700000000, 0x000000070e580000, 0x00000007aaa80000)
  object space 235008K, 76% used [0x0000000700000000,0x000000070afd4030,0x000000070e580000)
 PSPermGen       total 21504K, used 10499K [0x00000006fae00000, 0x00000006fc300000, 0x0000000700000000)
  object space 21504K, 48% used [0x00000006fae00000,0x00000006fb840e38,0x00000006fc300000)
Event: 111.465 GC heap after
Heap after GC invocations=7 (full 0):
 PSYoungGen      total 62976K, used 1184K [0x00000007aaa80000, 0x00000007af280000, 0x0000000800000000)
  eden space 61440K, 0% used [0x00000007aaa80000,0x00000007aaa80000,0x00000007ae680000)
  from space 1536K, 77% used [0x00000007aea80000,0x00000007aeba8000,0x00000007aec00000)
  to   space 6144K, 0% used [0x00000007aec80000,0x00000007aec80000,0x00000007af280000)
 ParOldGen       total 235008K, used 183937K [0x0000000700000000, 0x000000070e580000, 0x00000007aaa80000)
  object space 235008K, 78% used [0x0000000700000000,0x000000070b3a0548,0x000000070e580000)
 PSPermGen       total 21504K, used 10499K [0x00000006fae00000, 0x00000006fc300000, 0x0000000700000000)
  object space 21504K, 48% used [0x00000006fae00000,0x00000006fb840e38,0x00000006fc300000)
}
Event: 121.404 GC heap before
{Heap before GC invocations=8 (full 0):
 PSYoungGen      total 62976K, used 62624K [0x00000007aaa80000, 0x00000007af280000, 0x0000000800000000)
  eden space 61440K, 100% used [0x00000007aaa80000,0x00000007ae680000,0x00000007ae680000)
  from space 1536K, 77% used [0x00000007aea80000,0x00000007aeba8000,0x00000007aec00000)
  to   space 6144K, 0% used [0x00000007aec80000,0x00000007aec80000,0x00000007af280000)
 ParOldGen       total 235008K, used 183937K [0x0000000700000000, 0x000000070e580000, 0x00000007aaa80000)
  object space 235008K, 78% used [0x0000000700000000,0x000000070b3a0548,0x000000070e580000)
 PSPermGen       total 21504K, used 10527K [0x00000006fae00000, 0x00000006fc300000, 0x0000000700000000)
  object space 21504K, 48% used [0x00000006fae00000,0x00000006fb847e88,0x00000006fc300000)
Event: 121.405 GC heap after
Heap after GC invocations=8 (full 0):
 PSYoungGen      total 66560K, used 896K [0x00000007aaa80000, 0x00000007af280000, 0x0000000800000000)
  eden space 60416K, 0% used [0x00000007aaa80000,0x00000007aaa80000,0x00000007ae580000)
  from space 6144K, 14% used [0x00000007aec80000,0x00000007aed60000,0x00000007af280000)
  to   space 6656K, 0% used [0x00000007ae580000,0x00000007ae580000,0x00000007aec00000)
 ParOldGen       total 235008K, used 184373K [0x0000000700000000, 0x000000070e580000, 0x00000007aaa80000)
  object space 235008K, 78% used [0x0000000700000000,0x000000070b40d570,0x000000070e580000)
 PSPermGen       total 21504K, used 10527K [0x00000006fae00000, 0x00000006fc300000, 0x0000000700000000)
  object space 21504K, 48% used [0x00000006fae00000,0x00000006fb847e88,0x00000006fc300000)
}
Event: 123.338 GC heap before
{Heap before GC invocations=9 (full 0):
 PSYoungGen      total 66560K, used 61312K [0x00000007aaa80000, 0x00000007af280000, 0x0000000800000000)
  eden space 60416K, 100% used [0x00000007aaa80000,0x00000007ae580000,0x00000007ae580000)
  from space 6144K, 14% used [0x00000007aec80000,0x00000007aed60000,0x00000007af280000)
  to   space 6656K, 0% used [0x00000007ae580000,0x00000007ae580000,0x00000007aec00000)
 ParOldGen       total 235008K, used 184373K [0x0000000700000000, 0x000000070e580000, 0x00000007aaa80000)
  object space 235008K, 78% used [0x0000000700000000,0x000000070b40d570,0x000000070e580000)
 PSPermGen       total 21504K, used 10547K [0x00000006fae00000, 0x00000006fc300000, 0x0000000700000000)
  object space 21504K, 49% used [0x00000006fae00000,0x00000006fb84ce20,0x00000006fc300000)
Event: 123.339 GC heap after
Heap after GC invocations=9 (full 0):
 PSYoungGen      total 60416K, used 672K [0x00000007aaa80000, 0x00000007af280000, 0x0000000800000000)
  eden space 59392K, 0% used [0x00000007aaa80000,0x00000007aaa80000,0x00000007ae480000)
  from space 1024K, 65% used [0x00000007ae580000,0x00000007ae628000,0x00000007ae680000)
  to   space 7168K, 0% used [0x00000007aeb80000,0x00000007aeb80000,0x00000007af280000)
 ParOldGen       total 235008K, used 184841K [0x0000000700000000, 0x000000070e580000, 0x00000007aaa80000)
  object space 235008K, 78% used [0x0000000700000000,0x000000070b482598,0x000000070e580000)
 PSPermGen       total 21504K, used 10547K [0x00000006fae00000, 0x00000006fc300000, 0x0000000700000000)
  object space 21504K, 49% used [0x00000006fae00000,0x00000006fb84ce20,0x00000006fc300000)
}
Event: 124.767 GC heap before
{Heap before GC invocations=10 (full 0):
 PSYoungGen      total 60416K, used 60064K [0x00000007aaa80000, 0x00000007af280000, 0x0000000800000000)
  eden space 59392K, 100% used [0x00000007aaa80000,0x00000007ae480000,0x00000007ae480000)
  from space 1024K, 65% used [0x00000007ae580000,0x00000007ae628000,0x00000007ae680000)
  to   space 7168K, 0% used [0x00000007aeb80000,0x00000007aeb80000,0x00000007af280000)
 ParOldGen       total 235008K, used 184841K [0x0000000700000000, 0x000000070e580000, 0x00000007aaa80000)
  object space 235008K, 78% used [0x0000000700000000,0x000000070b482598,0x000000070e580000)
 PSPermGen       total 21504K, used 10553K [0x00000006fae00000, 0x00000006fc300000, 0x0000000700000000)
  object space 21504K, 49% used [0x00000006fae00000,0x00000006fb84e520,0x00000006fc300000)
Event: 124.769 GC heap after
Heap after GC invocations=10 (full 0):
 PSYoungGen      total 64512K, used 512K [0x00000007aaa80000, 0x00000007af180000, 0x0000000800000000)
  eden space 58368K, 0% used [0x00000007aaa80000,0x00000007aaa80000,0x00000007ae380000)
  from space 6144K, 8% used [0x00000007aeb80000,0x00000007aec00000,0x00000007af180000)
  to   space 7168K, 0% used [0x00000007ae380000,0x00000007ae380000,0x00000007aea80000)
 ParOldGen       total 235008K, used 185233K [0x0000000700000000, 0x000000070e580000, 0x00000007aaa80000)
  object space 235008K, 78% used [0x0000000700000000,0x000000070b4e4460,0x000000070e580000)
 PSPermGen       total 21504K, used 10553K [0x00000006fae00000, 0x00000006fc300000, 0x0000000700000000)
  object space 21504K, 49% used [0x00000006fae00000,0x00000006fb84e520,0x00000006fc300000)
}

