# JRE version: Java(TM) SE Runtime Environment (7.0_67-b01) (build 1.7.0_67-b01)
# Java VM: Java HotSpot(TM) 64-Bit Server VM (24.65-b04 mixed mode bsd-amd64 compressed oops)
Heap
 PSYoungGen      total 57856K, used 40967K [0x00000007aaa80000, 0x00000007aea80000, 0x0000000800000000)
  eden space 52224K, 78% used [0x00000007aaa80000,0x00000007ad248cf8,0x00000007add80000)
  from space 5632K, 4% used [0x00000007ae500000,0x00000007ae539220,0x00000007aea80000)
  to   space 6656K, 0% used [0x00000007add80000,0x00000007add80000,0x00000007ae400000)
 ParOldGen       total 235008K, used 185884K [0x0000000700000000, 0x000000070e580000, 0x00000007aaa80000)
  object space 235008K, 79% used [0x0000000700000000,0x000000070b587098,0x000000070e580000)
 PSPermGen       total 21504K, used 12598K [0x00000006fae00000, 0x00000006fc300000, 0x0000000700000000)
  object space 21504K, 58% used [0x00000006fae00000,0x00000006fba4d8e8,0x00000006fc300000)
GC Heap History (10 events):
Event: 699.113 GC heap before
{Heap before GC invocations=12 (full 0):
 PSYoungGen      total 57856K, used 57631K [0x00000007aaa80000, 0x00000007aef80000, 0x0000000800000000)
  eden space 57344K, 100% used [0x00000007aaa80000,0x00000007ae280000,0x00000007ae280000)
  from space 512K, 56% used [0x00000007ae380000,0x00000007ae3c7f68,0x00000007ae400000)
  to   space 6656K, 0% used [0x00000007ae900000,0x00000007ae900000,0x00000007aef80000)
 ParOldGen       total 235008K, used 185241K [0x0000000700000000, 0x000000070e580000, 0x00000007aaa80000)
  object space 235008K, 78% used [0x0000000700000000,0x000000070b4e66c8,0x000000070e580000)
 PSPermGen       total 21504K, used 12467K [0x00000006fae00000, 0x00000006fc300000, 0x0000000700000000)
  object space 21504K, 57% used [0x00000006fae00000,0x00000006fba2ceb0,0x00000006fc300000)
Event: 699.114 GC heap after
Heap after GC invocations=12 (full 0):
 PSYoungGen      total 62976K, used 323K [0x00000007aaa80000, 0x00000007aef80000, 0x0000000800000000)
  eden space 56320K, 0% used [0x00000007aaa80000,0x00000007aaa80000,0x00000007ae180000)
  from space 6656K, 4% used [0x00000007ae900000,0x00000007ae950ff8,0x00000007aef80000)
  to   space 7168K, 0% used [0x00000007ae180000,0x00000007ae180000,0x00000007ae880000)
 ParOldGen       total 235008K, used 185329K [0x0000000700000000, 0x000000070e580000, 0x00000007aaa80000)
  object space 235008K, 78% used [0x0000000700000000,0x000000070b4fc6c8,0x000000070e580000)
 PSPermGen       total 21504K, used 12467K [0x00000006fae00000, 0x00000006fc300000, 0x0000000700000000)
  object space 21504K, 57% used [0x00000006fae00000,0x00000006fba2ceb0,0x00000006fc300000)
}
Event: 770.486 GC heap before
{Heap before GC invocations=13 (full 0):
 PSYoungGen      total 62976K, used 56643K [0x00000007aaa80000, 0x00000007aef80000, 0x0000000800000000)
  eden space 56320K, 100% used [0x00000007aaa80000,0x00000007ae180000,0x00000007ae180000)
  from space 6656K, 4% used [0x00000007ae900000,0x00000007ae950ff8,0x00000007aef80000)
  to   space 7168K, 0% used [0x00000007ae180000,0x00000007ae180000,0x00000007ae880000)
 ParOldGen       total 235008K, used 185329K [0x0000000700000000, 0x000000070e580000, 0x00000007aaa80000)
  object space 235008K, 78% used [0x0000000700000000,0x000000070b4fc6c8,0x000000070e580000)
 PSPermGen       total 21504K, used 12523K [0x00000006fae00000, 0x00000006fc300000, 0x0000000700000000)
  object space 21504K, 58% used [0x00000006fae00000,0x00000006fba3ad90,0x00000006fc300000)
Event: 770.488 GC heap after
Heap after GC invocations=13 (full 0):
 PSYoungGen      total 55808K, used 288K [0x00000007aaa80000, 0x00000007aed80000, 0x0000000800000000)
  eden space 55296K, 0% used [0x00000007aaa80000,0x00000007aaa80000,0x00000007ae080000)
  from space 512K, 56% used [0x00000007ae180000,0x00000007ae1c8000,0x00000007ae200000)
  to   space 6656K, 0% used [0x00000007ae700000,0x00000007ae700000,0x00000007aed80000)
 ParOldGen       total 235008K, used 185509K [0x0000000700000000, 0x000000070e580000, 0x00000007aaa80000)
  object space 235008K, 78% used [0x0000000700000000,0x000000070b5296c0,0x000000070e580000)
 PSPermGen       total 21504K, used 12523K [0x00000006fae00000, 0x00000006fc300000, 0x0000000700000000)
  object space 21504K, 58% used [0x00000006fae00000,0x00000006fba3ad90,0x00000006fc300000)
}
Event: 950.123 GC heap before
{Heap before GC invocations=14 (full 0):
 PSYoungGen      total 55808K, used 55584K [0x00000007aaa80000, 0x00000007aed80000, 0x0000000800000000)
  eden space 55296K, 100% used [0x00000007aaa80000,0x00000007ae080000,0x00000007ae080000)
  from space 512K, 56% used [0x00000007ae180000,0x00000007ae1c8000,0x00000007ae200000)
  to   space 6656K, 0% used [0x00000007ae700000,0x00000007ae700000,0x00000007aed80000)
 ParOldGen       total 235008K, used 185509K [0x0000000700000000, 0x000000070e580000, 0x00000007aaa80000)
  object space 235008K, 78% used [0x0000000700000000,0x000000070b5296c0,0x000000070e580000)
 PSPermGen       total 21504K, used 12543K [0x00000006fae00000, 0x00000006fc300000, 0x0000000700000000)
  object space 21504K, 58% used [0x00000006fae00000,0x00000006fba3fcf0,0x00000006fc300000)
Event: 950.125 GC heap after
Heap after GC invocations=14 (full 0):
 PSYoungGen      total 59904K, used 320K [0x00000007aaa80000, 0x00000007aec80000, 0x0000000800000000)
  eden space 54272K, 0% used [0x00000007aaa80000,0x00000007aaa80000,0x00000007adf80000)
  from space 5632K, 5% used [0x00000007ae700000,0x00000007ae750000,0x00000007aec80000)
  to   space 6656K, 0% used [0x00000007adf80000,0x00000007adf80000,0x00000007ae600000)
 ParOldGen       total 235008K, used 185657K [0x0000000700000000, 0x000000070e580000, 0x00000007aaa80000)
  object space 235008K, 79% used [0x0000000700000000,0x000000070b54e6d0,0x000000070e580000)
 PSPermGen       total 21504K, used 12543K [0x00000006fae00000, 0x00000006fc300000, 0x0000000700000000)
  object space 21504K, 58% used [0x00000006fae00000,0x00000006fba3fcf0,0x00000006fc300000)
}
Event: 991.741 GC heap before
{Heap before GC invocations=15 (full 0):
 PSYoungGen      total 59904K, used 54592K [0x00000007aaa80000, 0x00000007aec80000, 0x0000000800000000)
  eden space 54272K, 100% used [0x00000007aaa80000,0x00000007adf80000,0x00000007adf80000)
  from space 5632K, 5% used [0x00000007ae700000,0x00000007ae750000,0x00000007aec80000)
  to   space 6656K, 0% used [0x00000007adf80000,0x00000007adf80000,0x00000007ae600000)
 ParOldGen       total 235008K, used 185657K [0x0000000700000000, 0x000000070e580000, 0x00000007aaa80000)
  object space 235008K, 79% used [0x0000000700000000,0x000000070b54e6d0,0x000000070e580000)
 PSPermGen       total 21504K, used 12551K [0x00000006fae00000, 0x00000006fc300000, 0x0000000700000000)
  object space 21504K, 58% used [0x00000006fae00000,0x00000006fba41d80,0x00000006fc300000)
Event: 991.743 GC heap after
Heap after GC invocations=15 (full 0):
 PSYoungGen      total 53760K, used 224K [0x00000007aaa80000, 0x00000007aeb80000, 0x0000000800000000)
  eden space 53248K, 0% used [0x00000007aaa80000,0x00000007aaa80000,0x00000007ade80000)
  from space 512K, 43% used [0x00000007adf80000,0x00000007adfb8000,0x00000007ae000000)
  to   space 6656K, 0% used [0x00000007ae500000,0x00000007ae500000,0x00000007aeb80000)
 ParOldGen       total 235008K, used 185816K [0x0000000700000000, 0x000000070e580000, 0x00000007aaa80000)
  object space 235008K, 79% used [0x0000000700000000,0x000000070b576030,0x000000070e580000)
 PSPermGen       total 21504K, used 12551K [0x00000006fae00000, 0x00000006fc300000, 0x0000000700000000)
  object space 21504K, 58% used [0x00000006fae00000,0x00000006fba41d80,0x00000006fc300000)
}
Event: 1017.583 GC heap before
{Heap before GC invocations=16 (full 0):
 PSYoungGen      total 53760K, used 53472K [0x00000007aaa80000, 0x00000007aeb80000, 0x0000000800000000)
  eden space 53248K, 100% used [0x00000007aaa80000,0x00000007ade80000,0x00000007ade80000)
  from space 512K, 43% used [0x00000007adf80000,0x00000007adfb8000,0x00000007ae000000)
  to   space 6656K, 0% used [0x00000007ae500000,0x00000007ae500000,0x00000007aeb80000)
 ParOldGen       total 235008K, used 185816K [0x0000000700000000, 0x000000070e580000, 0x00000007aaa80000)
  object space 235008K, 79% used [0x0000000700000000,0x000000070b576030,0x000000070e580000)
 PSPermGen       total 21504K, used 12566K [0x00000006fae00000, 0x00000006fc300000, 0x0000000700000000)
  object space 21504K, 58% used [0x00000006fae00000,0x00000006fba45960,0x00000006fc300000)
Event: 1017.585 GC heap after
Heap after GC invocations=16 (full 0):
 PSYoungGen      total 57856K, used 228K [0x00000007aaa80000, 0x00000007aea80000, 0x0000000800000000)
  eden space 52224K, 0% used [0x00000007aaa80000,0x00000007aaa80000,0x00000007add80000)
  from space 5632K, 4% used [0x00000007ae500000,0x00000007ae539220,0x00000007aea80000)
  to   space 6656K, 0% used [0x00000007add80000,0x00000007add80000,0x00000007ae400000)
 ParOldGen       total 235008K, used 185884K [0x0000000700000000, 0x000000070e580000, 0x00000007aaa80000)
  object space 235008K, 79% used [0x0000000700000000,0x000000070b587098,0x000000070e580000)
 PSPermGen       total 21504K, used 12566K [0x00000006fae00000, 0x00000006fc300000, 0x0000000700000000)
  object space 21504K, 58% used [0x00000006fae00000,0x00000006fba45960,0x00000006fc300000)
}

