# JRE version: Java(TM) SE Runtime Environment (7.0_67-b01) (build 1.7.0_67-b01)
# Java VM: Java HotSpot(TM) 64-Bit Server VM (24.65-b04 mixed mode bsd-amd64 compressed oops)
Heap
 PSYoungGen      total 76800K, used 19871K [0x00000007aaa80000, 0x00000007b0000000, 0x0000000800000000)
  eden space 66048K, 26% used [0x00000007aaa80000,0x00000007abb4b610,0x00000007aeb00000)
  from space 10752K, 24% used [0x00000007aeb00000,0x00000007aed9c630,0x00000007af580000)
  to   space 10752K, 0% used [0x00000007af580000,0x00000007af580000,0x00000007b0000000)
 ParOldGen       total 200704K, used 126247K [0x0000000700000000, 0x000000070c400000, 0x00000007aaa80000)
  object space 200704K, 62% used [0x0000000700000000,0x0000000707b49f70,0x000000070c400000)
 PSPermGen       total 21504K, used 13967K [0x00000006fae00000, 0x00000006fc300000, 0x0000000700000000)
  object space 21504K, 64% used [0x00000006fae00000,0x00000006fbba3cc8,0x00000006fc300000)
GC Heap History (8 events):
Event: 8.677 GC heap before
{Heap before GC invocations=1 (full 0):
 PSYoungGen      total 76800K, used 66048K [0x00000007aaa80000, 0x00000007b0000000, 0x0000000800000000)
  eden space 66048K, 100% used [0x00000007aaa80000,0x00000007aeb00000,0x00000007aeb00000)
  from space 10752K, 0% used [0x00000007af580000,0x00000007af580000,0x00000007b0000000)
  to   space 10752K, 0% used [0x00000007aeb00000,0x00000007aeb00000,0x00000007af580000)
 ParOldGen       total 235008K, used 231386K [0x0000000700000000, 0x000000070e580000, 0x00000007aaa80000)
  object space 235008K, 98% used [0x0000000700000000,0x000000070e1f6bc8,0x000000070e580000)
 PSPermGen       total 21504K, used 10732K [0x00000006fae00000, 0x00000006fc300000, 0x0000000700000000)
  object space 21504K, 49% used [0x00000006fae00000,0x00000006fb87b3b0,0x00000006fc300000)
Event: 8.684 GC heap after
Heap after GC invocations=1 (full 0):
 PSYoungGen      total 76800K, used 6398K [0x00000007aaa80000, 0x00000007b0000000, 0x0000000800000000)
  eden space 66048K, 0% used [0x00000007aaa80000,0x00000007aaa80000,0x00000007aeb00000)
  from space 10752K, 59% used [0x00000007aeb00000,0x00000007af13f920,0x00000007af580000)
  to   space 10752K, 0% used [0x00000007af580000,0x00000007af580000,0x00000007b0000000)
 ParOldGen       total 235008K, used 231458K [0x0000000700000000, 0x000000070e580000, 0x00000007aaa80000)
  object space 235008K, 98% used [0x0000000700000000,0x000000070e208bd8,0x000000070e580000)
 PSPermGen       total 21504K, used 10732K [0x00000006fae00000, 0x00000006fc300000, 0x0000000700000000)
  object space 21504K, 49% used [0x00000006fae00000,0x00000006fb87b3b0,0x00000006fc300000)
}
Event: 8.684 GC heap before
{Heap before GC invocations=2 (full 1):
 PSYoungGen      total 76800K, used 6398K [0x00000007aaa80000, 0x00000007b0000000, 0x0000000800000000)
  eden space 66048K, 0% used [0x00000007aaa80000,0x00000007aaa80000,0x00000007aeb00000)
  from space 10752K, 59% used [0x00000007aeb00000,0x00000007af13f920,0x00000007af580000)
  to   space 10752K, 0% used [0x00000007af580000,0x00000007af580000,0x00000007b0000000)
 ParOldGen       total 235008K, used 231458K [0x0000000700000000, 0x000000070e580000, 0x00000007aaa80000)
  object space 235008K, 98% used [0x0000000700000000,0x000000070e208bd8,0x000000070e580000)
 PSPermGen       total 21504K, used 10732K [0x00000006fae00000, 0x00000006fc300000, 0x0000000700000000)
  object space 21504K, 49% used [0x00000006fae00000,0x00000006fb87b3b0,0x00000006fc300000)
Event: 8.729 GC heap after
Heap after GC invocations=2 (full 1):
 PSYoungGen      total 76800K, used 0K [0x00000007aaa80000, 0x00000007b0000000, 0x0000000800000000)
  eden space 66048K, 0% used [0x00000007aaa80000,0x00000007aaa80000,0x00000007aeb00000)
  from space 10752K, 0% used [0x00000007aeb00000,0x00000007aeb00000,0x00000007af580000)
  to   space 10752K, 0% used [0x00000007af580000,0x00000007af580000,0x00000007b0000000)
 ParOldGen       total 200704K, used 126239K [0x0000000700000000, 0x000000070c400000, 0x00000007aaa80000)
  object space 200704K, 62% used [0x0000000700000000,0x0000000707b47f70,0x000000070c400000)
 PSPermGen       total 21504K, used 10730K [0x00000006fae00000, 0x00000006fc300000, 0x0000000700000000)
  object space 21504K, 49% used [0x00000006fae00000,0x00000006fb87a8c8,0x00000006fc300000)
}
Event: 95.954 GC heap before
{Heap before GC invocations=3 (full 1):
 PSYoungGen      total 76800K, used 66048K [0x00000007aaa80000, 0x00000007b0000000, 0x0000000800000000)
  eden space 66048K, 100% used [0x00000007aaa80000,0x00000007aeb00000,0x00000007aeb00000)
  from space 10752K, 0% used [0x00000007aeb00000,0x00000007aeb00000,0x00000007af580000)
  to   space 10752K, 0% used [0x00000007af580000,0x00000007af580000,0x00000007b0000000)
 ParOldGen       total 200704K, used 126239K [0x0000000700000000, 0x000000070c400000, 0x00000007aaa80000)
  object space 200704K, 62% used [0x0000000700000000,0x0000000707b47f70,0x000000070c400000)
 PSPermGen       total 21504K, used 11550K [0x00000006fae00000, 0x00000006fc300000, 0x0000000700000000)
  object space 21504K, 53% used [0x00000006fae00000,0x00000006fb947a90,0x00000006fc300000)
Event: 95.956 GC heap after
Heap after GC invocations=3 (full 1):
 PSYoungGen      total 76800K, used 608K [0x00000007aaa80000, 0x00000007b0000000, 0x0000000800000000)
  eden space 66048K, 0% used [0x00000007aaa80000,0x00000007aaa80000,0x00000007aeb00000)
  from space 10752K, 5% used [0x00000007af580000,0x00000007af618000,0x00000007b0000000)
  to   space 10752K, 0% used [0x00000007aeb00000,0x00000007aeb00000,0x00000007af580000)
 ParOldGen       total 200704K, used 126239K [0x0000000700000000, 0x000000070c400000, 0x00000007aaa80000)
  object space 200704K, 62% used [0x0000000700000000,0x0000000707b47f70,0x000000070c400000)
 PSPermGen       total 21504K, used 11550K [0x00000006fae00000, 0x00000006fc300000, 0x0000000700000000)
  object space 21504K, 53% used [0x00000006fae00000,0x00000006fb947a90,0x00000006fc300000)
}
Event: 145.779 GC heap before
{Heap before GC invocations=4 (full 1):
 PSYoungGen      total 76800K, used 66656K [0x00000007aaa80000, 0x00000007b0000000, 0x0000000800000000)
  eden space 66048K, 100% used [0x00000007aaa80000,0x00000007aeb00000,0x00000007aeb00000)
  from space 10752K, 5% used [0x00000007af580000,0x00000007af618000,0x00000007b0000000)
  to   space 10752K, 0% used [0x00000007aeb00000,0x00000007aeb00000,0x00000007af580000)
 ParOldGen       total 200704K, used 126239K [0x0000000700000000, 0x000000070c400000, 0x00000007aaa80000)
  object space 200704K, 62% used [0x0000000700000000,0x0000000707b47f70,0x000000070c400000)
 PSPermGen       total 21504K, used 13867K [0x00000006fae00000, 0x00000006fc300000, 0x0000000700000000)
  object space 21504K, 64% used [0x00000006fae00000,0x00000006fbb8ae18,0x00000006fc300000)
Event: 145.782 GC heap after
Heap after GC invocations=4 (full 1):
 PSYoungGen      total 76800K, used 2673K [0x00000007aaa80000, 0x00000007b0000000, 0x0000000800000000)
  eden space 66048K, 0% used [0x00000007aaa80000,0x00000007aaa80000,0x00000007aeb00000)
  from space 10752K, 24% used [0x00000007aeb00000,0x00000007aed9c630,0x00000007af580000)
  to   space 10752K, 0% used [0x00000007af580000,0x00000007af580000,0x00000007b0000000)
 ParOldGen       total 200704K, used 126247K [0x0000000700000000, 0x000000070c400000, 0x00000007aaa80000)
  object space 200704K, 62% used [0x0000000700000000,0x0000000707b49f70,0x000000070c400000)
 PSPermGen       total 21504K, used 13867K [0x00000006fae00000, 0x00000006fc300000, 0x0000000700000000)
  object space 21504K, 64% used [0x00000006fae00000,0x00000006fbb8ae18,0x00000006fc300000)
}

