# JRE version: Java(TM) SE Runtime Environment (7.0_67-b01) (build 1.7.0_67-b01)
# Java VM: Java HotSpot(TM) 64-Bit Server VM (24.65-b04 mixed mode bsd-amd64 compressed oops)
Heap
 PSYoungGen      total 50688K, used 44251K [0x00000007aaa80000, 0x00000007ae580000, 0x0000000800000000)
  eden space 49152K, 87% used [0x00000007aaa80000,0x00000007ad4a0ea0,0x00000007ada80000)
  from space 1536K, 72% used [0x00000007adb80000,0x00000007adc96020,0x00000007add00000)
  to   space 5632K, 0% used [0x00000007ae000000,0x00000007ae000000,0x00000007ae580000)
 ParOldGen       total 235008K, used 188044K [0x0000000700000000, 0x000000070e580000, 0x00000007aaa80000)
  object space 235008K, 80% used [0x0000000700000000,0x000000070b7a3378,0x000000070e580000)
 PSPermGen       total 21504K, used 14381K [0x00000006fae00000, 0x00000006fc300000, 0x0000000700000000)
  object space 21504K, 66% used [0x00000006fae00000,0x00000006fbc0b4c8,0x00000006fc300000)
GC Heap History (10 events):
Event: 210.960 GC heap before
{Heap before GC invocations=15 (full 0):
 PSYoungGen      total 59904K, used 56480K [0x00000007aaa80000, 0x00000007aec80000, 0x0000000800000000)
  eden space 54272K, 100% used [0x00000007aaa80000,0x00000007adf80000,0x00000007adf80000)
  from space 5632K, 39% used [0x00000007ae700000,0x00000007ae9283f8,0x00000007aec80000)
  to   space 6656K, 0% used [0x00000007adf80000,0x00000007adf80000,0x00000007ae600000)
 ParOldGen       total 235008K, used 185520K [0x0000000700000000, 0x000000070e580000, 0x00000007aaa80000)
  object space 235008K, 78% used [0x0000000700000000,0x000000070b52c388,0x000000070e580000)
 PSPermGen       total 21504K, used 14136K [0x00000006fae00000, 0x00000006fc300000, 0x0000000700000000)
  object space 21504K, 65% used [0x00000006fae00000,0x00000006fbbce268,0x00000006fc300000)
Event: 210.962 GC heap after
Heap after GC invocations=15 (full 0):
 PSYoungGen      total 53760K, used 384K [0x00000007aaa80000, 0x00000007aea80000, 0x0000000800000000)
  eden space 53248K, 0% used [0x00000007aaa80000,0x00000007aaa80000,0x00000007ade80000)
  from space 512K, 75% used [0x00000007adf80000,0x00000007adfe0000,0x00000007ae000000)
  to   space 6144K, 0% used [0x00000007ae480000,0x00000007ae480000,0x00000007aea80000)
 ParOldGen       total 235008K, used 186846K [0x0000000700000000, 0x000000070e580000, 0x00000007aaa80000)
  object space 235008K, 79% used [0x0000000700000000,0x000000070b677b48,0x000000070e580000)
 PSPermGen       total 21504K, used 14136K [0x00000006fae00000, 0x00000006fc300000, 0x0000000700000000)
  object space 21504K, 65% used [0x00000006fae00000,0x00000006fbbce268,0x00000006fc300000)
}
Event: 252.642 GC heap before
{Heap before GC invocations=16 (full 0):
 PSYoungGen      total 53760K, used 53632K [0x00000007aaa80000, 0x00000007aea80000, 0x0000000800000000)
  eden space 53248K, 100% used [0x00000007aaa80000,0x00000007ade80000,0x00000007ade80000)
  from space 512K, 75% used [0x00000007adf80000,0x00000007adfe0000,0x00000007ae000000)
  to   space 6144K, 0% used [0x00000007ae480000,0x00000007ae480000,0x00000007aea80000)
 ParOldGen       total 235008K, used 186846K [0x0000000700000000, 0x000000070e580000, 0x00000007aaa80000)
  object space 235008K, 79% used [0x0000000700000000,0x000000070b677b48,0x000000070e580000)
 PSPermGen       total 21504K, used 14145K [0x00000006fae00000, 0x00000006fc300000, 0x0000000700000000)
  object space 21504K, 65% used [0x00000006fae00000,0x00000006fbbd0750,0x00000006fc300000)
Event: 252.644 GC heap after
Heap after GC invocations=16 (full 0):
 PSYoungGen      total 57344K, used 192K [0x00000007aaa80000, 0x00000007ae980000, 0x0000000800000000)
  eden space 52224K, 0% used [0x00000007aaa80000,0x00000007aaa80000,0x00000007add80000)
  from space 5120K, 3% used [0x00000007ae480000,0x00000007ae4b0000,0x00000007ae980000)
  to   space 6144K, 0% used [0x00000007add80000,0x00000007add80000,0x00000007ae380000)
 ParOldGen       total 235008K, used 186992K [0x0000000700000000, 0x000000070e580000, 0x00000007aaa80000)
  object space 235008K, 79% used [0x0000000700000000,0x000000070b69c358,0x000000070e580000)
 PSPermGen       total 21504K, used 14145K [0x00000006fae00000, 0x00000006fc300000, 0x0000000700000000)
  object space 21504K, 65% used [0x00000006fae00000,0x00000006fbbd0750,0x00000006fc300000)
}
Event: 321.066 GC heap before
{Heap before GC invocations=17 (full 0):
 PSYoungGen      total 57344K, used 52416K [0x00000007aaa80000, 0x00000007ae980000, 0x0000000800000000)
  eden space 52224K, 100% used [0x00000007aaa80000,0x00000007add80000,0x00000007add80000)
  from space 5120K, 3% used [0x00000007ae480000,0x00000007ae4b0000,0x00000007ae980000)
  to   space 6144K, 0% used [0x00000007add80000,0x00000007add80000,0x00000007ae380000)
 ParOldGen       total 235008K, used 186992K [0x0000000700000000, 0x000000070e580000, 0x00000007aaa80000)
  object space 235008K, 79% used [0x0000000700000000,0x000000070b69c358,0x000000070e580000)
 PSPermGen       total 21504K, used 14288K [0x00000006fae00000, 0x00000006fc300000, 0x0000000700000000)
  object space 21504K, 66% used [0x00000006fae00000,0x00000006fbbf4168,0x00000006fc300000)
Event: 321.068 GC heap after
Heap after GC invocations=17 (full 0):
 PSYoungGen      total 52224K, used 704K [0x00000007aaa80000, 0x00000007ae880000, 0x0000000800000000)
  eden space 51200K, 0% used [0x00000007aaa80000,0x00000007aaa80000,0x00000007adc80000)
  from space 1024K, 68% used [0x00000007add80000,0x00000007ade30000,0x00000007ade80000)
  to   space 6144K, 0% used [0x00000007ae280000,0x00000007ae280000,0x00000007ae880000)
 ParOldGen       total 235008K, used 187080K [0x0000000700000000, 0x000000070e580000, 0x00000007aaa80000)
  object space 235008K, 79% used [0x0000000700000000,0x000000070b6b2358,0x000000070e580000)
 PSPermGen       total 21504K, used 14288K [0x00000006fae00000, 0x00000006fc300000, 0x0000000700000000)
  object space 21504K, 66% used [0x00000006fae00000,0x00000006fbbf4168,0x00000006fc300000)
}
Event: 346.318 GC heap before
{Heap before GC invocations=18 (full 0):
 PSYoungGen      total 52224K, used 51904K [0x00000007aaa80000, 0x00000007ae880000, 0x0000000800000000)
  eden space 51200K, 100% used [0x00000007aaa80000,0x00000007adc80000,0x00000007adc80000)
  from space 1024K, 68% used [0x00000007add80000,0x00000007ade30000,0x00000007ade80000)
  to   space 6144K, 0% used [0x00000007ae280000,0x00000007ae280000,0x00000007ae880000)
 ParOldGen       total 235008K, used 187080K [0x0000000700000000, 0x000000070e580000, 0x00000007aaa80000)
  object space 235008K, 79% used [0x0000000700000000,0x000000070b6b2358,0x000000070e580000)
 PSPermGen       total 21504K, used 14314K [0x00000006fae00000, 0x00000006fc300000, 0x0000000700000000)
  object space 21504K, 66% used [0x00000006fae00000,0x00000006fbbfa920,0x00000006fc300000)
Event: 346.320 GC heap after
Heap after GC invocations=18 (full 0):
 PSYoungGen      total 54272K, used 616K [0x00000007aaa80000, 0x00000007ae680000, 0x0000000800000000)
  eden space 50176K, 0% used [0x00000007aaa80000,0x00000007aaa80000,0x00000007adb80000)
  from space 4096K, 15% used [0x00000007ae280000,0x00000007ae31a010,0x00000007ae680000)
  to   space 5632K, 0% used [0x00000007adb80000,0x00000007adb80000,0x00000007ae100000)
 ParOldGen       total 235008K, used 187604K [0x0000000700000000, 0x000000070e580000, 0x00000007aaa80000)
  object space 235008K, 79% used [0x0000000700000000,0x000000070b735368,0x000000070e580000)
 PSPermGen       total 21504K, used 14314K [0x00000006fae00000, 0x00000006fc300000, 0x0000000700000000)
  object space 21504K, 66% used [0x00000006fae00000,0x00000006fbbfa920,0x00000006fc300000)
}
Event: 385.972 GC heap before
{Heap before GC invocations=19 (full 0):
 PSYoungGen      total 54272K, used 50792K [0x00000007aaa80000, 0x00000007ae680000, 0x0000000800000000)
  eden space 50176K, 100% used [0x00000007aaa80000,0x00000007adb80000,0x00000007adb80000)
  from space 4096K, 15% used [0x00000007ae280000,0x00000007ae31a010,0x00000007ae680000)
  to   space 5632K, 0% used [0x00000007adb80000,0x00000007adb80000,0x00000007ae100000)
 ParOldGen       total 235008K, used 187604K [0x0000000700000000, 0x000000070e580000, 0x00000007aaa80000)
  object space 235008K, 79% used [0x0000000700000000,0x000000070b735368,0x000000070e580000)
 PSPermGen       total 21504K, used 14338K [0x00000006fae00000, 0x00000006fc300000, 0x0000000700000000)
  object space 21504K, 66% used [0x00000006fae00000,0x00000006fbc00a98,0x00000006fc300000)
Event: 385.974 GC heap after
Heap after GC invocations=19 (full 0):
 PSYoungGen      total 50688K, used 1112K [0x00000007aaa80000, 0x00000007ae580000, 0x0000000800000000)
  eden space 49152K, 0% used [0x00000007aaa80000,0x00000007aaa80000,0x00000007ada80000)
  from space 1536K, 72% used [0x00000007adb80000,0x00000007adc96020,0x00000007add00000)
  to   space 5632K, 0% used [0x00000007ae000000,0x00000007ae000000,0x00000007ae580000)
 ParOldGen       total 235008K, used 188044K [0x0000000700000000, 0x000000070e580000, 0x00000007aaa80000)
  object space 235008K, 80% used [0x0000000700000000,0x000000070b7a3378,0x000000070e580000)
 PSPermGen       total 21504K, used 14338K [0x00000006fae00000, 0x00000006fc300000, 0x0000000700000000)
  object space 21504K, 66% used [0x00000006fae00000,0x00000006fbc00a98,0x00000006fc300000)
}

