# JRE version: Java(TM) SE Runtime Environment (7.0_67-b01) (build 1.7.0_67-b01)
# Java VM: Java HotSpot(TM) 64-Bit Server VM (24.65-b04 mixed mode bsd-amd64 compressed oops)
Heap
 PSYoungGen      total 76800K, used 16705K [0x00000007aaa80000, 0x00000007b0000000, 0x0000000800000000)
  eden space 66048K, 25% used [0x00000007aaa80000,0x00000007abad07b8,0x00000007aeb00000)
  from space 10752K, 0% used [0x00000007aeb00000,0x00000007aeb00000,0x00000007af580000)
  to   space 10752K, 0% used [0x00000007af580000,0x00000007af580000,0x00000007b0000000)
 ParOldGen       total 200704K, used 126245K [0x0000000700000000, 0x000000070c400000, 0x00000007aaa80000)
  object space 200704K, 62% used [0x0000000700000000,0x0000000707b49470,0x000000070c400000)
 PSPermGen       total 21504K, used 10827K [0x00000006fae00000, 0x00000006fc300000, 0x0000000700000000)
  object space 21504K, 50% used [0x00000006fae00000,0x00000006fb892c38,0x00000006fc300000)
GC Heap History (4 events):
Event: 11.326 GC heap before
{Heap before GC invocations=1 (full 0):
 PSYoungGen      total 76800K, used 66048K [0x00000007aaa80000, 0x00000007b0000000, 0x0000000800000000)
  eden space 66048K, 100% used [0x00000007aaa80000,0x00000007aeb00000,0x00000007aeb00000)
  from space 10752K, 0% used [0x00000007af580000,0x00000007af580000,0x00000007b0000000)
  to   space 10752K, 0% used [0x00000007aeb00000,0x00000007aeb00000,0x00000007af580000)
 ParOldGen       total 235008K, used 231386K [0x0000000700000000, 0x000000070e580000, 0x00000007aaa80000)
  object space 235008K, 98% used [0x0000000700000000,0x000000070e1f6bc8,0x000000070e580000)
 PSPermGen       total 21504K, used 10740K [0x00000006fae00000, 0x00000006fc300000, 0x0000000700000000)
  object space 21504K, 49% used [0x00000006fae00000,0x00000006fb87d3f8,0x00000006fc300000)
Event: 11.333 GC heap after
Heap after GC invocations=1 (full 0):
 PSYoungGen      total 76800K, used 6462K [0x00000007aaa80000, 0x00000007b0000000, 0x0000000800000000)
  eden space 66048K, 0% used [0x00000007aaa80000,0x00000007aaa80000,0x00000007aeb00000)
  from space 10752K, 60% used [0x00000007aeb00000,0x00000007af14fa40,0x00000007af580000)
  to   space 10752K, 0% used [0x00000007af580000,0x00000007af580000,0x00000007b0000000)
 ParOldGen       total 235008K, used 231458K [0x0000000700000000, 0x000000070e580000, 0x00000007aaa80000)
  object space 235008K, 98% used [0x0000000700000000,0x000000070e208bd8,0x000000070e580000)
 PSPermGen       total 21504K, used 10740K [0x00000006fae00000, 0x00000006fc300000, 0x0000000700000000)
  object space 21504K, 49% used [0x00000006fae00000,0x00000006fb87d3f8,0x00000006fc300000)
}
Event: 11.333 GC heap before
{Heap before GC invocations=2 (full 1):
 PSYoungGen      total 76800K, used 6462K [0x00000007aaa80000, 0x00000007b0000000, 0x0000000800000000)
  eden space 66048K, 0% used [0x00000007aaa80000,0x00000007aaa80000,0x00000007aeb00000)
  from space 10752K, 60% used [0x00000007aeb00000,0x00000007af14fa40,0x00000007af580000)
  to   space 10752K, 0% used [0x00000007af580000,0x00000007af580000,0x00000007b0000000)
 ParOldGen       total 235008K, used 231458K [0x0000000700000000, 0x000000070e580000, 0x00000007aaa80000)
  object space 235008K, 98% used [0x0000000700000000,0x000000070e208bd8,0x000000070e580000)
 PSPermGen       total 21504K, used 10740K [0x00000006fae00000, 0x00000006fc300000, 0x0000000700000000)
  object space 21504K, 49% used [0x00000006fae00000,0x00000006fb87d3f8,0x00000006fc300000)
Event: 11.380 GC heap after
Heap after GC invocations=2 (full 1):
 PSYoungGen      total 76800K, used 0K [0x00000007aaa80000, 0x00000007b0000000, 0x0000000800000000)
  eden space 66048K, 0% used [0x00000007aaa80000,0x00000007aaa80000,0x00000007aeb00000)
  from space 10752K, 0% used [0x00000007aeb00000,0x00000007aeb00000,0x00000007af580000)
  to   space 10752K, 0% used [0x00000007af580000,0x00000007af580000,0x00000007b0000000)
 ParOldGen       total 200704K, used 126245K [0x0000000700000000, 0x000000070c400000, 0x00000007aaa80000)
  object space 200704K, 62% used [0x0000000700000000,0x0000000707b49470,0x000000070c400000)
 PSPermGen       total 21504K, used 10738K [0x00000006fae00000, 0x00000006fc300000, 0x0000000700000000)
  object space 21504K, 49% used [0x00000006fae00000,0x00000006fb87c8f0,0x00000006fc300000)
}

