# JRE version: Java(TM) SE Runtime Environment (7.0_67-b01) (build 1.7.0_67-b01)
# Java VM: Java HotSpot(TM) 64-Bit Server VM (24.65-b04 mixed mode bsd-amd64 compressed oops)
Heap
 PSYoungGen      total 53760K, used 40421K [0x00000007aaa80000, 0x00000007ae480000, 0x0000000800000000)
  eden space 51200K, 74% used [0x00000007aaa80000,0x00000007acf875e8,0x00000007adc80000)
  from space 2560K, 97% used [0x00000007add80000,0x00000007adff2020,0x00000007ae000000)
  to   space 4096K, 0% used [0x00000007ae080000,0x00000007ae080000,0x00000007ae480000)
 ParOldGen       total 200704K, used 126403K [0x0000000700000000, 0x000000070c400000, 0x00000007aaa80000)
  object space 200704K, 62% used [0x0000000700000000,0x0000000707b70f50,0x000000070c400000)
 PSPermGen       total 21504K, used 14305K [0x00000006fae00000, 0x00000006fc300000, 0x0000000700000000)
  object space 21504K, 66% used [0x00000006fae00000,0x00000006fbbf8748,0x00000006fc300000)
GC Heap History (10 events):
Event: 1280.068 GC heap before
{Heap before GC invocations=14 (full 1):
 PSYoungGen      total 58880K, used 58528K [0x00000007aaa80000, 0x00000007ae980000, 0x0000000800000000)
  eden space 56320K, 100% used [0x00000007aaa80000,0x00000007ae180000,0x00000007ae180000)
  from space 2560K, 86% used [0x00000007ae700000,0x00000007ae928000,0x00000007ae980000)
  to   space 4096K, 0% used [0x00000007ae180000,0x00000007ae180000,0x00000007ae580000)
 ParOldGen       total 200704K, used 126257K [0x0000000700000000, 0x000000070c400000, 0x00000007aaa80000)
  object space 200704K, 62% used [0x0000000700000000,0x0000000707b4c760,0x000000070c400000)
 PSPermGen       total 21504K, used 14152K [0x00000006fae00000, 0x00000006fc300000, 0x0000000700000000)
  object space 21504K, 65% used [0x00000006fae00000,0x00000006fbbd21c8,0x00000006fc300000)
Event: 1280.070 GC heap after
Heap after GC invocations=14 (full 1):
 PSYoungGen      total 57856K, used 2344K [0x00000007aaa80000, 0x00000007ae880000, 0x0000000800000000)
  eden space 55296K, 0% used [0x00000007aaa80000,0x00000007aaa80000,0x00000007ae080000)
  from space 2560K, 91% used [0x00000007ae180000,0x00000007ae3ca020,0x00000007ae400000)
  to   space 4096K, 0% used [0x00000007ae480000,0x00000007ae480000,0x00000007ae880000)
 ParOldGen       total 200704K, used 126257K [0x0000000700000000, 0x000000070c400000, 0x00000007aaa80000)
  object space 200704K, 62% used [0x0000000700000000,0x0000000707b4c760,0x000000070c400000)
 PSPermGen       total 21504K, used 14152K [0x00000006fae00000, 0x00000006fc300000, 0x0000000700000000)
  object space 21504K, 65% used [0x00000006fae00000,0x00000006fbbd21c8,0x00000006fc300000)
}
Event: 1280.283 GC heap before
{Heap before GC invocations=15 (full 1):
 PSYoungGen      total 57856K, used 57640K [0x00000007aaa80000, 0x00000007ae880000, 0x0000000800000000)
  eden space 55296K, 100% used [0x00000007aaa80000,0x00000007ae080000,0x00000007ae080000)
  from space 2560K, 91% used [0x00000007ae180000,0x00000007ae3ca020,0x00000007ae400000)
  to   space 4096K, 0% used [0x00000007ae480000,0x00000007ae480000,0x00000007ae880000)
 ParOldGen       total 200704K, used 126257K [0x0000000700000000, 0x000000070c400000, 0x00000007aaa80000)
  object space 200704K, 62% used [0x0000000700000000,0x0000000707b4c760,0x000000070c400000)
 PSPermGen       total 21504K, used 14171K [0x00000006fae00000, 0x00000006fc300000, 0x0000000700000000)
  object space 21504K, 65% used [0x00000006fae00000,0x00000006fbbd6cb0,0x00000006fc300000)
Event: 1280.285 GC heap after
Heap after GC invocations=15 (full 1):
 PSYoungGen      total 57344K, used 2312K [0x00000007aaa80000, 0x00000007ae780000, 0x0000000800000000)
  eden space 54272K, 0% used [0x00000007aaa80000,0x00000007aaa80000,0x00000007adf80000)
  from space 3072K, 75% used [0x00000007ae480000,0x00000007ae6c2020,0x00000007ae780000)
  to   space 4096K, 0% used [0x00000007adf80000,0x00000007adf80000,0x00000007ae380000)
 ParOldGen       total 200704K, used 126257K [0x0000000700000000, 0x000000070c400000, 0x00000007aaa80000)
  object space 200704K, 62% used [0x0000000700000000,0x0000000707b4c760,0x000000070c400000)
 PSPermGen       total 21504K, used 14171K [0x00000006fae00000, 0x00000006fc300000, 0x0000000700000000)
  object space 21504K, 65% used [0x00000006fae00000,0x00000006fbbd6cb0,0x00000006fc300000)
}
Event: 1280.730 GC heap before
{Heap before GC invocations=16 (full 1):
 PSYoungGen      total 57344K, used 56584K [0x00000007aaa80000, 0x00000007ae780000, 0x0000000800000000)
  eden space 54272K, 100% used [0x00000007aaa80000,0x00000007adf80000,0x00000007adf80000)
  from space 3072K, 75% used [0x00000007ae480000,0x00000007ae6c2020,0x00000007ae780000)
  to   space 4096K, 0% used [0x00000007adf80000,0x00000007adf80000,0x00000007ae380000)
 ParOldGen       total 200704K, used 126257K [0x0000000700000000, 0x000000070c400000, 0x00000007aaa80000)
  object space 200704K, 62% used [0x0000000700000000,0x0000000707b4c760,0x000000070c400000)
 PSPermGen       total 21504K, used 14209K [0x00000006fae00000, 0x00000006fc300000, 0x0000000700000000)
  object space 21504K, 66% used [0x00000006fae00000,0x00000006fbbe0478,0x00000006fc300000)
Event: 1280.732 GC heap after
Heap after GC invocations=16 (full 1):
 PSYoungGen      total 55808K, used 2280K [0x00000007aaa80000, 0x00000007ae680000, 0x0000000800000000)
  eden space 53248K, 0% used [0x00000007aaa80000,0x00000007aaa80000,0x00000007ade80000)
  from space 2560K, 89% used [0x00000007adf80000,0x00000007ae1ba020,0x00000007ae200000)
  to   space 4096K, 0% used [0x00000007ae280000,0x00000007ae280000,0x00000007ae680000)
 ParOldGen       total 200704K, used 126257K [0x0000000700000000, 0x000000070c400000, 0x00000007aaa80000)
  object space 200704K, 62% used [0x0000000700000000,0x0000000707b4c760,0x000000070c400000)
 PSPermGen       total 21504K, used 14209K [0x00000006fae00000, 0x00000006fc300000, 0x0000000700000000)
  object space 21504K, 66% used [0x00000006fae00000,0x00000006fbbe0478,0x00000006fc300000)
}
Event: 1315.765 GC heap before
{Heap before GC invocations=17 (full 1):
 PSYoungGen      total 55808K, used 55528K [0x00000007aaa80000, 0x00000007ae680000, 0x0000000800000000)
  eden space 53248K, 100% used [0x00000007aaa80000,0x00000007ade80000,0x00000007ade80000)
  from space 2560K, 89% used [0x00000007adf80000,0x00000007ae1ba020,0x00000007ae200000)
  to   space 4096K, 0% used [0x00000007ae280000,0x00000007ae280000,0x00000007ae680000)
 ParOldGen       total 200704K, used 126257K [0x0000000700000000, 0x000000070c400000, 0x00000007aaa80000)
  object space 200704K, 62% used [0x0000000700000000,0x0000000707b4c760,0x000000070c400000)
 PSPermGen       total 21504K, used 14246K [0x00000006fae00000, 0x00000006fc300000, 0x0000000700000000)
  object space 21504K, 66% used [0x00000006fae00000,0x00000006fbbe9b50,0x00000006fc300000)
Event: 1315.767 GC heap after
Heap after GC invocations=17 (full 1):
 PSYoungGen      total 55296K, used 2536K [0x00000007aaa80000, 0x00000007ae580000, 0x0000000800000000)
  eden space 52224K, 0% used [0x00000007aaa80000,0x00000007aaa80000,0x00000007add80000)
  from space 3072K, 82% used [0x00000007ae280000,0x00000007ae4fa020,0x00000007ae580000)
  to   space 4096K, 0% used [0x00000007add80000,0x00000007add80000,0x00000007ae180000)
 ParOldGen       total 200704K, used 126257K [0x0000000700000000, 0x000000070c400000, 0x00000007aaa80000)
  object space 200704K, 62% used [0x0000000700000000,0x0000000707b4c760,0x000000070c400000)
 PSPermGen       total 21504K, used 14246K [0x00000006fae00000, 0x00000006fc300000, 0x0000000700000000)
  object space 21504K, 66% used [0x00000006fae00000,0x00000006fbbe9b50,0x00000006fc300000)
}
Event: 1339.314 GC heap before
{Heap before GC invocations=18 (full 1):
 PSYoungGen      total 55296K, used 54760K [0x00000007aaa80000, 0x00000007ae580000, 0x0000000800000000)
  eden space 52224K, 100% used [0x00000007aaa80000,0x00000007add80000,0x00000007add80000)
  from space 3072K, 82% used [0x00000007ae280000,0x00000007ae4fa020,0x00000007ae580000)
  to   space 4096K, 0% used [0x00000007add80000,0x00000007add80000,0x00000007ae180000)
 ParOldGen       total 200704K, used 126257K [0x0000000700000000, 0x000000070c400000, 0x00000007aaa80000)
  object space 200704K, 62% used [0x0000000700000000,0x0000000707b4c760,0x000000070c400000)
 PSPermGen       total 21504K, used 14259K [0x00000006fae00000, 0x00000006fc300000, 0x0000000700000000)
  object space 21504K, 66% used [0x00000006fae00000,0x00000006fbbecca0,0x00000006fc300000)
Event: 1339.317 GC heap after
Heap after GC invocations=18 (full 1):
 PSYoungGen      total 53760K, used 2504K [0x00000007aaa80000, 0x00000007ae480000, 0x0000000800000000)
  eden space 51200K, 0% used [0x00000007aaa80000,0x00000007aaa80000,0x00000007adc80000)
  from space 2560K, 97% used [0x00000007add80000,0x00000007adff2020,0x00000007ae000000)
  to   space 4096K, 0% used [0x00000007ae080000,0x00000007ae080000,0x00000007ae480000)
 ParOldGen       total 200704K, used 126403K [0x0000000700000000, 0x000000070c400000, 0x00000007aaa80000)
  object space 200704K, 62% used [0x0000000700000000,0x0000000707b70f50,0x000000070c400000)
 PSPermGen       total 21504K, used 14259K [0x00000006fae00000, 0x00000006fc300000, 0x0000000700000000)
  object space 21504K, 66% used [0x00000006fae00000,0x00000006fbbecca0,0x00000006fc300000)
}

