# JRE version: Java(TM) SE Runtime Environment (7.0_67-b01) (build 1.7.0_67-b01)
# Java VM: Java HotSpot(TM) 64-Bit Server VM (24.65-b04 mixed mode bsd-amd64 compressed oops)
Heap
 PSYoungGen      total 48640K, used 11302K [0x00000007aaa80000, 0x00000007ade80000, 0x0000000800000000)
  eden space 45056K, 24% used [0x00000007aaa80000,0x00000007ab5255e0,0x00000007ad680000)
  from space 3584K, 11% used [0x00000007adb00000,0x00000007adb64548,0x00000007ade80000)
  to   space 4096K, 0% used [0x00000007ad680000,0x00000007ad680000,0x00000007ada80000)
 ParOldGen       total 235008K, used 185377K [0x0000000700000000, 0x000000070e580000, 0x00000007aaa80000)
  object space 235008K, 78% used [0x0000000700000000,0x000000070b508488,0x000000070e580000)
 PSPermGen       total 21504K, used 11180K [0x00000006fae00000, 0x00000006fc300000, 0x0000000700000000)
  object space 21504K, 51% used [0x00000006fae00000,0x00000006fb8eb0d8,0x00000006fc300000)
GC Heap History (10 events):
Event: 1224.234 GC heap before
{Heap before GC invocations=22 (full 0):
 PSYoungGen      total 48128K, used 47955K [0x00000007aaa80000, 0x00000007ae300000, 0x0000000800000000)
  eden space 47616K, 100% used [0x00000007aaa80000,0x00000007ad900000,0x00000007ad900000)
  from space 512K, 66% used [0x00000007ad980000,0x00000007ad9d4c50,0x00000007ada00000)
  to   space 5120K, 0% used [0x00000007ade00000,0x00000007ade00000,0x00000007ae300000)
 ParOldGen       total 235008K, used 185141K [0x0000000700000000, 0x000000070e580000, 0x00000007aaa80000)
  object space 235008K, 78% used [0x0000000700000000,0x000000070b4cd478,0x000000070e580000)
 PSPermGen       total 21504K, used 11120K [0x00000006fae00000, 0x00000006fc300000, 0x0000000700000000)
  object space 21504K, 51% used [0x00000006fae00000,0x00000006fb8dc018,0x00000006fc300000)
Event: 1224.236 GC heap after
Heap after GC invocations=22 (full 0):
 PSYoungGen      total 50688K, used 337K [0x00000007aaa80000, 0x00000007ae180000, 0x0000000800000000)
  eden space 47104K, 0% used [0x00000007aaa80000,0x00000007aaa80000,0x00000007ad880000)
  from space 3584K, 9% used [0x00000007ade00000,0x00000007ade54478,0x00000007ae180000)
  to   space 4608K, 0% used [0x00000007ad880000,0x00000007ad880000,0x00000007add00000)
 ParOldGen       total 235008K, used 185173K [0x0000000700000000, 0x000000070e580000, 0x00000007aaa80000)
  object space 235008K, 78% used [0x0000000700000000,0x000000070b4d5478,0x000000070e580000)
 PSPermGen       total 21504K, used 11120K [0x00000006fae00000, 0x00000006fc300000, 0x0000000700000000)
  object space 21504K, 51% used [0x00000006fae00000,0x00000006fb8dc018,0x00000006fc300000)
}
Event: 1225.022 GC heap before
{Heap before GC invocations=23 (full 0):
 PSYoungGen      total 50688K, used 47441K [0x00000007aaa80000, 0x00000007ae180000, 0x0000000800000000)
  eden space 47104K, 100% used [0x00000007aaa80000,0x00000007ad880000,0x00000007ad880000)
  from space 3584K, 9% used [0x00000007ade00000,0x00000007ade54478,0x00000007ae180000)
  to   space 4608K, 0% used [0x00000007ad880000,0x00000007ad880000,0x00000007add00000)
 ParOldGen       total 235008K, used 185173K [0x0000000700000000, 0x000000070e580000, 0x00000007aaa80000)
  object space 235008K, 78% used [0x0000000700000000,0x000000070b4d5478,0x000000070e580000)
 PSPermGen       total 21504K, used 11121K [0x00000006fae00000, 0x00000006fc300000, 0x0000000700000000)
  object space 21504K, 51% used [0x00000006fae00000,0x00000006fb8dc600,0x00000006fc300000)
Event: 1225.024 GC heap after
Heap after GC invocations=23 (full 0):
 PSYoungGen      total 47104K, used 295K [0x00000007aaa80000, 0x00000007ae100000, 0x0000000800000000)
  eden space 46592K, 0% used [0x00000007aaa80000,0x00000007aaa80000,0x00000007ad800000)
  from space 512K, 57% used [0x00000007ad880000,0x00000007ad8c9d90,0x00000007ad900000)
  to   space 4608K, 0% used [0x00000007adc80000,0x00000007adc80000,0x00000007ae100000)
 ParOldGen       total 235008K, used 185249K [0x0000000700000000, 0x000000070e580000, 0x00000007aaa80000)
  object space 235008K, 78% used [0x0000000700000000,0x000000070b4e8488,0x000000070e580000)
 PSPermGen       total 21504K, used 11121K [0x00000006fae00000, 0x00000006fc300000, 0x0000000700000000)
  object space 21504K, 51% used [0x00000006fae00000,0x00000006fb8dc600,0x00000006fc300000)
}
Event: 1225.833 GC heap before
{Heap before GC invocations=24 (full 0):
 PSYoungGen      total 47104K, used 46887K [0x00000007aaa80000, 0x00000007ae100000, 0x0000000800000000)
  eden space 46592K, 100% used [0x00000007aaa80000,0x00000007ad800000,0x00000007ad800000)
  from space 512K, 57% used [0x00000007ad880000,0x00000007ad8c9d90,0x00000007ad900000)
  to   space 4608K, 0% used [0x00000007adc80000,0x00000007adc80000,0x00000007ae100000)
 ParOldGen       total 235008K, used 185249K [0x0000000700000000, 0x000000070e580000, 0x00000007aaa80000)
  object space 235008K, 78% used [0x0000000700000000,0x000000070b4e8488,0x000000070e580000)
 PSPermGen       total 21504K, used 11138K [0x00000006fae00000, 0x00000006fc300000, 0x0000000700000000)
  object space 21504K, 51% used [0x00000006fae00000,0x00000006fb8e0898,0x00000006fc300000)
Event: 1225.834 GC heap after
Heap after GC invocations=24 (full 0):
 PSYoungGen      total 50176K, used 370K [0x00000007aaa80000, 0x00000007ae080000, 0x0000000800000000)
  eden space 46080K, 0% used [0x00000007aaa80000,0x00000007aaa80000,0x00000007ad780000)
  from space 4096K, 9% used [0x00000007adc80000,0x00000007adcdcb80,0x00000007ae080000)
  to   space 4608K, 0% used [0x00000007ad780000,0x00000007ad780000,0x00000007adc00000)
 ParOldGen       total 235008K, used 185281K [0x0000000700000000, 0x000000070e580000, 0x00000007aaa80000)
  object space 235008K, 78% used [0x0000000700000000,0x000000070b4f0488,0x000000070e580000)
 PSPermGen       total 21504K, used 11138K [0x00000006fae00000, 0x00000006fc300000, 0x0000000700000000)
  object space 21504K, 51% used [0x00000006fae00000,0x00000006fb8e0898,0x00000006fc300000)
}
Event: 1226.406 GC heap before
{Heap before GC invocations=25 (full 0):
 PSYoungGen      total 50176K, used 46450K [0x00000007aaa80000, 0x00000007ae080000, 0x0000000800000000)
  eden space 46080K, 100% used [0x00000007aaa80000,0x00000007ad780000,0x00000007ad780000)
  from space 4096K, 9% used [0x00000007adc80000,0x00000007adcdcb80,0x00000007ae080000)
  to   space 4608K, 0% used [0x00000007ad780000,0x00000007ad780000,0x00000007adc00000)
 ParOldGen       total 235008K, used 185281K [0x0000000700000000, 0x000000070e580000, 0x00000007aaa80000)
  object space 235008K, 78% used [0x0000000700000000,0x000000070b4f0488,0x000000070e580000)
 PSPermGen       total 21504K, used 11141K [0x00000006fae00000, 0x00000006fc300000, 0x0000000700000000)
  object space 21504K, 51% used [0x00000006fae00000,0x00000006fb8e1410,0x00000006fc300000)
Event: 1226.407 GC heap after
Heap after GC invocations=25 (full 0):
 PSYoungGen      total 46080K, used 317K [0x00000007aaa80000, 0x00000007adf00000, 0x0000000800000000)
  eden space 45568K, 0% used [0x00000007aaa80000,0x00000007aaa80000,0x00000007ad700000)
  from space 512K, 62% used [0x00000007ad780000,0x00000007ad7cf628,0x00000007ad800000)
  to   space 4096K, 0% used [0x00000007adb00000,0x00000007adb00000,0x00000007adf00000)
 ParOldGen       total 235008K, used 185321K [0x0000000700000000, 0x000000070e580000, 0x00000007aaa80000)
  object space 235008K, 78% used [0x0000000700000000,0x000000070b4fa488,0x000000070e580000)
 PSPermGen       total 21504K, used 11141K [0x00000006fae00000, 0x00000006fc300000, 0x0000000700000000)
  object space 21504K, 51% used [0x00000006fae00000,0x00000006fb8e1410,0x00000006fc300000)
}
Event: 1227.335 GC heap before
{Heap before GC invocations=26 (full 0):
 PSYoungGen      total 46080K, used 45885K [0x00000007aaa80000, 0x00000007adf00000, 0x0000000800000000)
  eden space 45568K, 100% used [0x00000007aaa80000,0x00000007ad700000,0x00000007ad700000)
  from space 512K, 62% used [0x00000007ad780000,0x00000007ad7cf628,0x00000007ad800000)
  to   space 4096K, 0% used [0x00000007adb00000,0x00000007adb00000,0x00000007adf00000)
 ParOldGen       total 235008K, used 185321K [0x0000000700000000, 0x000000070e580000, 0x00000007aaa80000)
  object space 235008K, 78% used [0x0000000700000000,0x000000070b4fa488,0x000000070e580000)
 PSPermGen       total 21504K, used 11158K [0x00000006fae00000, 0x00000006fc300000, 0x0000000700000000)
  object space 21504K, 51% used [0x00000006fae00000,0x00000006fb8e5ab8,0x00000006fc300000)
Event: 1227.337 GC heap after
Heap after GC invocations=26 (full 0):
 PSYoungGen      total 48640K, used 401K [0x00000007aaa80000, 0x00000007ade80000, 0x0000000800000000)
  eden space 45056K, 0% used [0x00000007aaa80000,0x00000007aaa80000,0x00000007ad680000)
  from space 3584K, 11% used [0x00000007adb00000,0x00000007adb64548,0x00000007ade80000)
  to   space 4096K, 0% used [0x00000007ad680000,0x00000007ad680000,0x00000007ada80000)
 ParOldGen       total 235008K, used 185377K [0x0000000700000000, 0x000000070e580000, 0x00000007aaa80000)
  object space 235008K, 78% used [0x0000000700000000,0x000000070b508488,0x000000070e580000)
 PSPermGen       total 21504K, used 11158K [0x00000006fae00000, 0x00000006fc300000, 0x0000000700000000)
  object space 21504K, 51% used [0x00000006fae00000,0x00000006fb8e5ab8,0x00000006fc300000)
}

