# JRE version: Java(TM) SE Runtime Environment (7.0_67-b01) (build 1.7.0_67-b01)
# Java VM: Java HotSpot(TM) 64-Bit Server VM (24.65-b04 mixed mode bsd-amd64 compressed oops)
Heap
 PSYoungGen      total 68608K, used 9240K [0x00000007aaa80000, 0x00000007af680000, 0x0000000800000000)
  eden space 62976K, 5% used [0x00000007aaa80000,0x00000007aae0a0d8,0x00000007ae800000)
  from space 5632K, 99% used [0x00000007af100000,0x00000007af67c130,0x00000007af680000)
  to   space 6656K, 0% used [0x00000007ae980000,0x00000007ae980000,0x00000007af000000)
 ParOldGen       total 235008K, used 180214K [0x0000000700000000, 0x000000070e580000, 0x00000007aaa80000)
  object space 235008K, 76% used [0x0000000700000000,0x000000070affdbd8,0x000000070e580000)
 PSPermGen       total 21504K, used 11820K [0x00000006fae00000, 0x00000006fc300000, 0x0000000700000000)
  object space 21504K, 54% used [0x00000006fae00000,0x00000006fb98b030,0x00000006fc300000)
GC Heap History (10 events):
Event: 28.249 GC heap before
{Heap before GC invocations=2 (full 0):
 PSYoungGen      total 76800K, used 71757K [0x00000007aaa80000, 0x00000007b0000000, 0x0000000800000000)
  eden space 66048K, 100% used [0x00000007aaa80000,0x00000007aeb00000,0x00000007aeb00000)
  from space 10752K, 53% used [0x00000007aeb00000,0x00000007af0935c0,0x00000007af580000)
  to   space 10752K, 0% used [0x00000007af580000,0x00000007af580000,0x00000007b0000000)
 ParOldGen       total 235008K, used 180008K [0x0000000700000000, 0x000000070e580000, 0x00000007aaa80000)
  object space 235008K, 76% used [0x0000000700000000,0x000000070afca030,0x000000070e580000)
 PSPermGen       total 21504K, used 9741K [0x00000006fae00000, 0x00000006fc300000, 0x0000000700000000)
  object space 21504K, 45% used [0x00000006fae00000,0x00000006fb783750,0x00000006fc300000)
Event: 28.253 GC heap after
Heap after GC invocations=2 (full 0):
 PSYoungGen      total 76800K, used 4291K [0x00000007aaa80000, 0x00000007b0000000, 0x0000000800000000)
  eden space 66048K, 0% used [0x00000007aaa80000,0x00000007aaa80000,0x00000007aeb00000)
  from space 10752K, 39% used [0x00000007af580000,0x00000007af9b0e88,0x00000007b0000000)
  to   space 10752K, 0% used [0x00000007aeb00000,0x00000007aeb00000,0x00000007af580000)
 ParOldGen       total 235008K, used 180016K [0x0000000700000000, 0x000000070e580000, 0x00000007aaa80000)
  object space 235008K, 76% used [0x0000000700000000,0x000000070afcc030,0x000000070e580000)
 PSPermGen       total 21504K, used 9741K [0x00000006fae00000, 0x00000006fc300000, 0x0000000700000000)
  object space 21504K, 45% used [0x00000006fae00000,0x00000006fb783750,0x00000006fc300000)
}
Event: 71.436 GC heap before
{Heap before GC invocations=3 (full 0):
 PSYoungGen      total 76800K, used 70339K [0x00000007aaa80000, 0x00000007b0000000, 0x0000000800000000)
  eden space 66048K, 100% used [0x00000007aaa80000,0x00000007aeb00000,0x00000007aeb00000)
  from space 10752K, 39% used [0x00000007af580000,0x00000007af9b0e88,0x00000007b0000000)
  to   space 10752K, 0% used [0x00000007aeb00000,0x00000007aeb00000,0x00000007af580000)
 ParOldGen       total 235008K, used 180016K [0x0000000700000000, 0x000000070e580000, 0x00000007aaa80000)
  object space 235008K, 76% used [0x0000000700000000,0x000000070afcc030,0x000000070e580000)
 PSPermGen       total 21504K, used 11513K [0x00000006fae00000, 0x00000006fc300000, 0x0000000700000000)
  object space 21504K, 53% used [0x00000006fae00000,0x00000006fb93e5f8,0x00000006fc300000)
Event: 71.441 GC heap after
Heap after GC invocations=3 (full 0):
 PSYoungGen      total 76800K, used 5411K [0x00000007aaa80000, 0x00000007b0000000, 0x0000000800000000)
  eden space 66048K, 0% used [0x00000007aaa80000,0x00000007aaa80000,0x00000007aeb00000)
  from space 10752K, 50% used [0x00000007aeb00000,0x00000007af048c80,0x00000007af580000)
  to   space 10752K, 0% used [0x00000007af580000,0x00000007af580000,0x00000007b0000000)
 ParOldGen       total 235008K, used 180024K [0x0000000700000000, 0x000000070e580000, 0x00000007aaa80000)
  object space 235008K, 76% used [0x0000000700000000,0x000000070afce030,0x000000070e580000)
 PSPermGen       total 21504K, used 11513K [0x00000006fae00000, 0x00000006fc300000, 0x0000000700000000)
  object space 21504K, 53% used [0x00000006fae00000,0x00000006fb93e5f8,0x00000006fc300000)
}
Event: 108.472 GC heap before
{Heap before GC invocations=4 (full 0):
 PSYoungGen      total 76800K, used 71459K [0x00000007aaa80000, 0x00000007b0000000, 0x0000000800000000)
  eden space 66048K, 100% used [0x00000007aaa80000,0x00000007aeb00000,0x00000007aeb00000)
  from space 10752K, 50% used [0x00000007aeb00000,0x00000007af048c80,0x00000007af580000)
  to   space 10752K, 0% used [0x00000007af580000,0x00000007af580000,0x00000007b0000000)
 ParOldGen       total 235008K, used 180024K [0x0000000700000000, 0x000000070e580000, 0x00000007aaa80000)
  object space 235008K, 76% used [0x0000000700000000,0x000000070afce030,0x000000070e580000)
 PSPermGen       total 21504K, used 11587K [0x00000006fae00000, 0x00000006fc300000, 0x0000000700000000)
  object space 21504K, 53% used [0x00000006fae00000,0x00000006fb950c88,0x00000006fc300000)
Event: 108.477 GC heap after
Heap after GC invocations=4 (full 0):
 PSYoungGen      total 76800K, used 5840K [0x00000007aaa80000, 0x00000007b0000000, 0x0000000800000000)
  eden space 66048K, 0% used [0x00000007aaa80000,0x00000007aaa80000,0x00000007aeb00000)
  from space 10752K, 54% used [0x00000007af580000,0x00000007afb34120,0x00000007b0000000)
  to   space 10752K, 0% used [0x00000007aeb00000,0x00000007aeb00000,0x00000007af580000)
 ParOldGen       total 235008K, used 180032K [0x0000000700000000, 0x000000070e580000, 0x00000007aaa80000)
  object space 235008K, 76% used [0x0000000700000000,0x000000070afd0030,0x000000070e580000)
 PSPermGen       total 21504K, used 11587K [0x00000006fae00000, 0x00000006fc300000, 0x0000000700000000)
  object space 21504K, 53% used [0x00000006fae00000,0x00000006fb950c88,0x00000006fc300000)
}
Event: 192.964 GC heap before
{Heap before GC invocations=5 (full 0):
 PSYoungGen      total 76800K, used 71888K [0x00000007aaa80000, 0x00000007b0000000, 0x0000000800000000)
  eden space 66048K, 100% used [0x00000007aaa80000,0x00000007aeb00000,0x00000007aeb00000)
  from space 10752K, 54% used [0x00000007af580000,0x00000007afb34120,0x00000007b0000000)
  to   space 10752K, 0% used [0x00000007aeb00000,0x00000007aeb00000,0x00000007af580000)
 ParOldGen       total 235008K, used 180032K [0x0000000700000000, 0x000000070e580000, 0x00000007aaa80000)
  object space 235008K, 76% used [0x0000000700000000,0x000000070afd0030,0x000000070e580000)
 PSPermGen       total 21504K, used 11774K [0x00000006fae00000, 0x00000006fc300000, 0x0000000700000000)
  object space 21504K, 54% used [0x00000006fae00000,0x00000006fb97f860,0x00000006fc300000)
Event: 192.969 GC heap after
Heap after GC invocations=5 (full 0):
 PSYoungGen      total 70656K, used 5824K [0x00000007aaa80000, 0x00000007af680000, 0x0000000800000000)
  eden space 64512K, 0% used [0x00000007aaa80000,0x00000007aaa80000,0x00000007ae980000)
  from space 6144K, 94% used [0x00000007aeb00000,0x00000007af0b0130,0x00000007af100000)
  to   space 5632K, 0% used [0x00000007af100000,0x00000007af100000,0x00000007af680000)
 ParOldGen       total 235008K, used 180054K [0x0000000700000000, 0x000000070e580000, 0x00000007aaa80000)
  object space 235008K, 76% used [0x0000000700000000,0x000000070afd5bc8,0x000000070e580000)
 PSPermGen       total 21504K, used 11774K [0x00000006fae00000, 0x00000006fc300000, 0x0000000700000000)
  object space 21504K, 54% used [0x00000006fae00000,0x00000006fb97f860,0x00000006fc300000)
}
Event: 323.250 GC heap before
{Heap before GC invocations=6 (full 0):
 PSYoungGen      total 70656K, used 70336K [0x00000007aaa80000, 0x00000007af680000, 0x0000000800000000)
  eden space 64512K, 100% used [0x00000007aaa80000,0x00000007ae980000,0x00000007ae980000)
  from space 6144K, 94% used [0x00000007aeb00000,0x00000007af0b0130,0x00000007af100000)
  to   space 5632K, 0% used [0x00000007af100000,0x00000007af100000,0x00000007af680000)
 ParOldGen       total 235008K, used 180054K [0x0000000700000000, 0x000000070e580000, 0x00000007aaa80000)
  object space 235008K, 76% used [0x0000000700000000,0x000000070afd5bc8,0x000000070e580000)
 PSPermGen       total 21504K, used 11807K [0x00000006fae00000, 0x00000006fc300000, 0x0000000700000000)
  object space 21504K, 54% used [0x00000006fae00000,0x00000006fb987e00,0x00000006fc300000)
Event: 323.255 GC heap after
Heap after GC invocations=6 (full 0):
 PSYoungGen      total 68608K, used 5616K [0x00000007aaa80000, 0x00000007af680000, 0x0000000800000000)
  eden space 62976K, 0% used [0x00000007aaa80000,0x00000007aaa80000,0x00000007ae800000)
  from space 5632K, 99% used [0x00000007af100000,0x00000007af67c130,0x00000007af680000)
  to   space 6656K, 0% used [0x00000007ae980000,0x00000007ae980000,0x00000007af000000)
 ParOldGen       total 235008K, used 180214K [0x0000000700000000, 0x000000070e580000, 0x00000007aaa80000)
  object space 235008K, 76% used [0x0000000700000000,0x000000070affdbd8,0x000000070e580000)
 PSPermGen       total 21504K, used 11807K [0x00000006fae00000, 0x00000006fc300000, 0x0000000700000000)
  object space 21504K, 54% used [0x00000006fae00000,0x00000006fb987e00,0x00000006fc300000)
}

