# JRE version: Java(TM) SE Runtime Environment (7.0_67-b01) (build 1.7.0_67-b01)
# Java VM: Java HotSpot(TM) 64-Bit Server VM (24.65-b04 mixed mode bsd-amd64 compressed oops)
Heap
 PSYoungGen      total 67584K, used 49104K [0x00000007aaa80000, 0x00000007af480000, 0x0000000800000000)
  eden space 62976K, 71% used [0x00000007aaa80000,0x00000007ad636040,0x00000007ae800000)
  from space 4608K, 94% used [0x00000007af000000,0x00000007af43e100,0x00000007af480000)
  to   space 5632K, 0% used [0x00000007ae980000,0x00000007ae980000,0x00000007aef00000)
 ParOldGen       total 235008K, used 180048K [0x0000000700000000, 0x000000070e580000, 0x00000007aaa80000)
  object space 235008K, 76% used [0x0000000700000000,0x000000070afd4030,0x000000070e580000)
 PSPermGen       total 21504K, used 10960K [0x00000006fae00000, 0x00000006fc300000, 0x0000000700000000)
  object space 21504K, 50% used [0x00000006fae00000,0x00000006fb8b4230,0x00000006fc300000)
GC Heap History (10 events):
Event: 43.067 GC heap before
{Heap before GC invocations=2 (full 0):
 PSYoungGen      total 76800K, used 71767K [0x00000007aaa80000, 0x00000007b0000000, 0x0000000800000000)
  eden space 66048K, 100% used [0x00000007aaa80000,0x00000007aeb00000,0x00000007aeb00000)
  from space 10752K, 53% used [0x00000007aeb00000,0x00000007af095ce8,0x00000007af580000)
  to   space 10752K, 0% used [0x00000007af580000,0x00000007af580000,0x00000007b0000000)
 ParOldGen       total 235008K, used 180008K [0x0000000700000000, 0x000000070e580000, 0x00000007aaa80000)
  object space 235008K, 76% used [0x0000000700000000,0x000000070afca030,0x000000070e580000)
 PSPermGen       total 21504K, used 10458K [0x00000006fae00000, 0x00000006fc300000, 0x0000000700000000)
  object space 21504K, 48% used [0x00000006fae00000,0x00000006fb836988,0x00000006fc300000)
Event: 43.072 GC heap after
Heap after GC invocations=2 (full 0):
 PSYoungGen      total 76800K, used 4115K [0x00000007aaa80000, 0x00000007b0000000, 0x0000000800000000)
  eden space 66048K, 0% used [0x00000007aaa80000,0x00000007aaa80000,0x00000007aeb00000)
  from space 10752K, 38% used [0x00000007af580000,0x00000007af984c50,0x00000007b0000000)
  to   space 10752K, 0% used [0x00000007aeb00000,0x00000007aeb00000,0x00000007af580000)
 ParOldGen       total 235008K, used 180016K [0x0000000700000000, 0x000000070e580000, 0x00000007aaa80000)
  object space 235008K, 76% used [0x0000000700000000,0x000000070afcc030,0x000000070e580000)
 PSPermGen       total 21504K, used 10458K [0x00000006fae00000, 0x00000006fc300000, 0x0000000700000000)
  object space 21504K, 48% used [0x00000006fae00000,0x00000006fb836988,0x00000006fc300000)
}
Event: 210.623 GC heap before
{Heap before GC invocations=3 (full 0):
 PSYoungGen      total 76800K, used 70163K [0x00000007aaa80000, 0x00000007b0000000, 0x0000000800000000)
  eden space 66048K, 100% used [0x00000007aaa80000,0x00000007aeb00000,0x00000007aeb00000)
  from space 10752K, 38% used [0x00000007af580000,0x00000007af984c50,0x00000007b0000000)
  to   space 10752K, 0% used [0x00000007aeb00000,0x00000007aeb00000,0x00000007af580000)
 ParOldGen       total 235008K, used 180016K [0x0000000700000000, 0x000000070e580000, 0x00000007aaa80000)
  object space 235008K, 76% used [0x0000000700000000,0x000000070afcc030,0x000000070e580000)
 PSPermGen       total 21504K, used 10559K [0x00000006fae00000, 0x00000006fc300000, 0x0000000700000000)
  object space 21504K, 49% used [0x00000006fae00000,0x00000006fb84fc68,0x00000006fc300000)
Event: 210.627 GC heap after
Heap after GC invocations=3 (full 0):
 PSYoungGen      total 76800K, used 4088K [0x00000007aaa80000, 0x00000007b0000000, 0x0000000800000000)
  eden space 66048K, 0% used [0x00000007aaa80000,0x00000007aaa80000,0x00000007aeb00000)
  from space 10752K, 38% used [0x00000007aeb00000,0x00000007aeefe100,0x00000007af580000)
  to   space 10752K, 0% used [0x00000007af580000,0x00000007af580000,0x00000007b0000000)
 ParOldGen       total 235008K, used 180024K [0x0000000700000000, 0x000000070e580000, 0x00000007aaa80000)
  object space 235008K, 76% used [0x0000000700000000,0x000000070afce030,0x000000070e580000)
 PSPermGen       total 21504K, used 10559K [0x00000006fae00000, 0x00000006fc300000, 0x0000000700000000)
  object space 21504K, 49% used [0x00000006fae00000,0x00000006fb84fc68,0x00000006fc300000)
}
Event: 210.850 GC heap before
{Heap before GC invocations=4 (full 0):
 PSYoungGen      total 76800K, used 70136K [0x00000007aaa80000, 0x00000007b0000000, 0x0000000800000000)
  eden space 66048K, 100% used [0x00000007aaa80000,0x00000007aeb00000,0x00000007aeb00000)
  from space 10752K, 38% used [0x00000007aeb00000,0x00000007aeefe100,0x00000007af580000)
  to   space 10752K, 0% used [0x00000007af580000,0x00000007af580000,0x00000007b0000000)
 ParOldGen       total 235008K, used 180024K [0x0000000700000000, 0x000000070e580000, 0x00000007aaa80000)
  object space 235008K, 76% used [0x0000000700000000,0x000000070afce030,0x000000070e580000)
 PSPermGen       total 21504K, used 10575K [0x00000006fae00000, 0x00000006fc300000, 0x0000000700000000)
  object space 21504K, 49% used [0x00000006fae00000,0x00000006fb853d10,0x00000006fc300000)
Event: 210.854 GC heap after
Heap after GC invocations=4 (full 0):
 PSYoungGen      total 76800K, used 4056K [0x00000007aaa80000, 0x00000007b0000000, 0x0000000800000000)
  eden space 66048K, 0% used [0x00000007aaa80000,0x00000007aaa80000,0x00000007aeb00000)
  from space 10752K, 37% used [0x00000007af580000,0x00000007af9760e0,0x00000007b0000000)
  to   space 10752K, 0% used [0x00000007aeb00000,0x00000007aeb00000,0x00000007af580000)
 ParOldGen       total 235008K, used 180032K [0x0000000700000000, 0x000000070e580000, 0x00000007aaa80000)
  object space 235008K, 76% used [0x0000000700000000,0x000000070afd0030,0x000000070e580000)
 PSPermGen       total 21504K, used 10575K [0x00000006fae00000, 0x00000006fc300000, 0x0000000700000000)
  object space 21504K, 49% used [0x00000006fae00000,0x00000006fb853d10,0x00000006fc300000)
}
Event: 223.907 GC heap before
{Heap before GC invocations=5 (full 0):
 PSYoungGen      total 76800K, used 70104K [0x00000007aaa80000, 0x00000007b0000000, 0x0000000800000000)
  eden space 66048K, 100% used [0x00000007aaa80000,0x00000007aeb00000,0x00000007aeb00000)
  from space 10752K, 37% used [0x00000007af580000,0x00000007af9760e0,0x00000007b0000000)
  to   space 10752K, 0% used [0x00000007aeb00000,0x00000007aeb00000,0x00000007af580000)
 ParOldGen       total 235008K, used 180032K [0x0000000700000000, 0x000000070e580000, 0x00000007aaa80000)
  object space 235008K, 76% used [0x0000000700000000,0x000000070afd0030,0x000000070e580000)
 PSPermGen       total 21504K, used 10642K [0x00000006fae00000, 0x00000006fc300000, 0x0000000700000000)
  object space 21504K, 49% used [0x00000006fae00000,0x00000006fb864838,0x00000006fc300000)
Event: 223.913 GC heap after
Heap after GC invocations=5 (full 0):
 PSYoungGen      total 69120K, used 4216K [0x00000007aaa80000, 0x00000007af600000, 0x0000000800000000)
  eden space 64512K, 0% used [0x00000007aaa80000,0x00000007aaa80000,0x00000007ae980000)
  from space 4608K, 91% used [0x00000007aeb00000,0x00000007aef1e0e0,0x00000007aef80000)
  to   space 6144K, 0% used [0x00000007af000000,0x00000007af000000,0x00000007af600000)
 ParOldGen       total 235008K, used 180040K [0x0000000700000000, 0x000000070e580000, 0x00000007aaa80000)
  object space 235008K, 76% used [0x0000000700000000,0x000000070afd2030,0x000000070e580000)
 PSPermGen       total 21504K, used 10642K [0x00000006fae00000, 0x00000006fc300000, 0x0000000700000000)
  object space 21504K, 49% used [0x00000006fae00000,0x00000006fb864838,0x00000006fc300000)
}
Event: 281.259 GC heap before
{Heap before GC invocations=6 (full 0):
 PSYoungGen      total 69120K, used 68728K [0x00000007aaa80000, 0x00000007af600000, 0x0000000800000000)
  eden space 64512K, 100% used [0x00000007aaa80000,0x00000007ae980000,0x00000007ae980000)
  from space 4608K, 91% used [0x00000007aeb00000,0x00000007aef1e0e0,0x00000007aef80000)
  to   space 6144K, 0% used [0x00000007af000000,0x00000007af000000,0x00000007af600000)
 ParOldGen       total 235008K, used 180040K [0x0000000700000000, 0x000000070e580000, 0x00000007aaa80000)
  object space 235008K, 76% used [0x0000000700000000,0x000000070afd2030,0x000000070e580000)
 PSPermGen       total 21504K, used 10772K [0x00000006fae00000, 0x00000006fc300000, 0x0000000700000000)
  object space 21504K, 50% used [0x00000006fae00000,0x00000006fb885110,0x00000006fc300000)
Event: 281.264 GC heap after
Heap after GC invocations=6 (full 0):
 PSYoungGen      total 67584K, used 4344K [0x00000007aaa80000, 0x00000007af480000, 0x0000000800000000)
  eden space 62976K, 0% used [0x00000007aaa80000,0x00000007aaa80000,0x00000007ae800000)
  from space 4608K, 94% used [0x00000007af000000,0x00000007af43e100,0x00000007af480000)
  to   space 5632K, 0% used [0x00000007ae980000,0x00000007ae980000,0x00000007aef00000)
 ParOldGen       total 235008K, used 180048K [0x0000000700000000, 0x000000070e580000, 0x00000007aaa80000)
  object space 235008K, 76% used [0x0000000700000000,0x000000070afd4030,0x000000070e580000)
 PSPermGen       total 21504K, used 10772K [0x00000006fae00000, 0x00000006fc300000, 0x0000000700000000)
  object space 21504K, 50% used [0x00000006fae00000,0x00000006fb885110,0x00000006fc300000)
}

