# JRE version: Java(TM) SE Runtime Environment (7.0_67-b01) (build 1.7.0_67-b01)
# Java VM: Java HotSpot(TM) 64-Bit Server VM (24.65-b04 mixed mode bsd-amd64 compressed oops)
Heap
 PSYoungGen      total 41472K, used 3740K [0x00000007aaa80000, 0x00000007ad700000, 0x0000000800000000)
  eden space 40448K, 7% used [0x00000007aaa80000,0x00000007aad9f010,0x00000007ad200000)
  from space 1024K, 53% used [0x00000007ad280000,0x00000007ad308000,0x00000007ad380000)
  to   space 2560K, 0% used [0x00000007ad480000,0x00000007ad480000,0x00000007ad700000)
 ParOldGen       total 235008K, used 185865K [0x0000000700000000, 0x000000070e580000, 0x00000007aaa80000)
  object space 235008K, 79% used [0x0000000700000000,0x000000070b582438,0x000000070e580000)
 PSPermGen       total 21504K, used 11541K [0x00000006fae00000, 0x00000006fc300000, 0x0000000700000000)
  object space 21504K, 53% used [0x00000006fae00000,0x00000006fb9454f8,0x00000006fc300000)
GC Heap History (10 events):
Event: 655.194 GC heap before
{Heap before GC invocations=31 (full 0):
 PSYoungGen      total 45056K, used 43104K [0x00000007aaa80000, 0x00000007ada80000, 0x0000000800000000)
  eden space 43008K, 100% used [0x00000007aaa80000,0x00000007ad480000,0x00000007ad480000)
  from space 2048K, 4% used [0x00000007ad880000,0x00000007ad898000,0x00000007ada80000)
  to   space 3072K, 0% used [0x00000007ad480000,0x00000007ad480000,0x00000007ad780000)
 ParOldGen       total 235008K, used 185773K [0x0000000700000000, 0x000000070e580000, 0x00000007aaa80000)
  object space 235008K, 79% used [0x0000000700000000,0x000000070b56b428,0x000000070e580000)
 PSPermGen       total 21504K, used 11412K [0x00000006fae00000, 0x00000006fc300000, 0x0000000700000000)
  object space 21504K, 53% used [0x00000006fae00000,0x00000006fb925260,0x00000006fc300000)
Event: 655.196 GC heap after
Heap after GC invocations=31 (full 0):
 PSYoungGen      total 43008K, used 96K [0x00000007aaa80000, 0x00000007ada00000, 0x0000000800000000)
  eden space 42496K, 0% used [0x00000007aaa80000,0x00000007aaa80000,0x00000007ad400000)
  from space 512K, 18% used [0x00000007ad480000,0x00000007ad498000,0x00000007ad500000)
  to   space 3072K, 0% used [0x00000007ad700000,0x00000007ad700000,0x00000007ada00000)
 ParOldGen       total 235008K, used 185773K [0x0000000700000000, 0x000000070e580000, 0x00000007aaa80000)
  object space 235008K, 79% used [0x0000000700000000,0x000000070b56b428,0x000000070e580000)
 PSPermGen       total 21504K, used 11412K [0x00000006fae00000, 0x00000006fc300000, 0x0000000700000000)
  object space 21504K, 53% used [0x00000006fae00000,0x00000006fb925260,0x00000006fc300000)
}
Event: 655.492 GC heap before
{Heap before GC invocations=32 (full 0):
 PSYoungGen      total 43008K, used 42592K [0x00000007aaa80000, 0x00000007ada00000, 0x0000000800000000)
  eden space 42496K, 100% used [0x00000007aaa80000,0x00000007ad400000,0x00000007ad400000)
  from space 512K, 18% used [0x00000007ad480000,0x00000007ad498000,0x00000007ad500000)
  to   space 3072K, 0% used [0x00000007ad700000,0x00000007ad700000,0x00000007ada00000)
 ParOldGen       total 235008K, used 185773K [0x0000000700000000, 0x000000070e580000, 0x00000007aaa80000)
  object space 235008K, 79% used [0x0000000700000000,0x000000070b56b428,0x000000070e580000)
 PSPermGen       total 21504K, used 11413K [0x00000006fae00000, 0x00000006fc300000, 0x0000000700000000)
  object space 21504K, 53% used [0x00000006fae00000,0x00000006fb925570,0x00000006fc300000)
Event: 655.494 GC heap after
Heap after GC invocations=32 (full 0):
 PSYoungGen      total 44544K, used 96K [0x00000007aaa80000, 0x00000007ad980000, 0x0000000800000000)
  eden space 41984K, 0% used [0x00000007aaa80000,0x00000007aaa80000,0x00000007ad380000)
  from space 2560K, 3% used [0x00000007ad700000,0x00000007ad718000,0x00000007ad980000)
  to   space 3072K, 0% used [0x00000007ad380000,0x00000007ad380000,0x00000007ad680000)
 ParOldGen       total 235008K, used 185797K [0x0000000700000000, 0x000000070e580000, 0x00000007aaa80000)
  object space 235008K, 79% used [0x0000000700000000,0x000000070b571428,0x000000070e580000)
 PSPermGen       total 21504K, used 11413K [0x00000006fae00000, 0x00000006fc300000, 0x0000000700000000)
  object space 21504K, 53% used [0x00000006fae00000,0x00000006fb925570,0x00000006fc300000)
}
Event: 655.758 GC heap before
{Heap before GC invocations=33 (full 0):
 PSYoungGen      total 44544K, used 42080K [0x00000007aaa80000, 0x00000007ad980000, 0x0000000800000000)
  eden space 41984K, 100% used [0x00000007aaa80000,0x00000007ad380000,0x00000007ad380000)
  from space 2560K, 3% used [0x00000007ad700000,0x00000007ad718000,0x00000007ad980000)
  to   space 3072K, 0% used [0x00000007ad380000,0x00000007ad380000,0x00000007ad680000)
 ParOldGen       total 235008K, used 185797K [0x0000000700000000, 0x000000070e580000, 0x00000007aaa80000)
  object space 235008K, 79% used [0x0000000700000000,0x000000070b571428,0x000000070e580000)
 PSPermGen       total 21504K, used 11413K [0x00000006fae00000, 0x00000006fc300000, 0x0000000700000000)
  object space 21504K, 53% used [0x00000006fae00000,0x00000006fb925570,0x00000006fc300000)
Event: 655.760 GC heap after
Heap after GC invocations=33 (full 0):
 PSYoungGen      total 41984K, used 64K [0x00000007aaa80000, 0x00000007ad800000, 0x0000000800000000)
  eden space 41472K, 0% used [0x00000007aaa80000,0x00000007aaa80000,0x00000007ad300000)
  from space 512K, 12% used [0x00000007ad380000,0x00000007ad390000,0x00000007ad400000)
  to   space 2560K, 0% used [0x00000007ad580000,0x00000007ad580000,0x00000007ad800000)
 ParOldGen       total 235008K, used 185805K [0x0000000700000000, 0x000000070e580000, 0x00000007aaa80000)
  object space 235008K, 79% used [0x0000000700000000,0x000000070b573428,0x000000070e580000)
 PSPermGen       total 21504K, used 11413K [0x00000006fae00000, 0x00000006fc300000, 0x0000000700000000)
  object space 21504K, 53% used [0x00000006fae00000,0x00000006fb925570,0x00000006fc300000)
}
Event: 656.736 GC heap before
{Heap before GC invocations=34 (full 0):
 PSYoungGen      total 41984K, used 41536K [0x00000007aaa80000, 0x00000007ad800000, 0x0000000800000000)
  eden space 41472K, 100% used [0x00000007aaa80000,0x00000007ad300000,0x00000007ad300000)
  from space 512K, 12% used [0x00000007ad380000,0x00000007ad390000,0x00000007ad400000)
  to   space 2560K, 0% used [0x00000007ad580000,0x00000007ad580000,0x00000007ad800000)
 ParOldGen       total 235008K, used 185805K [0x0000000700000000, 0x000000070e580000, 0x00000007aaa80000)
  object space 235008K, 79% used [0x0000000700000000,0x000000070b573428,0x000000070e580000)
 PSPermGen       total 21504K, used 11413K [0x00000006fae00000, 0x00000006fc300000, 0x0000000700000000)
  object space 21504K, 53% used [0x00000006fae00000,0x00000006fb925570,0x00000006fc300000)
Event: 656.738 GC heap after
Heap after GC invocations=34 (full 0):
 PSYoungGen      total 43008K, used 160K [0x00000007aaa80000, 0x00000007ad780000, 0x0000000800000000)
  eden space 40960K, 0% used [0x00000007aaa80000,0x00000007aaa80000,0x00000007ad280000)
  from space 2048K, 7% used [0x00000007ad580000,0x00000007ad5a8000,0x00000007ad780000)
  to   space 2560K, 0% used [0x00000007ad280000,0x00000007ad280000,0x00000007ad500000)
 ParOldGen       total 235008K, used 185805K [0x0000000700000000, 0x000000070e580000, 0x00000007aaa80000)
  object space 235008K, 79% used [0x0000000700000000,0x000000070b573428,0x000000070e580000)
 PSPermGen       total 21504K, used 11413K [0x00000006fae00000, 0x00000006fc300000, 0x0000000700000000)
  object space 21504K, 53% used [0x00000006fae00000,0x00000006fb925570,0x00000006fc300000)
}
Event: 735.620 GC heap before
{Heap before GC invocations=35 (full 0):
 PSYoungGen      total 43008K, used 41120K [0x00000007aaa80000, 0x00000007ad780000, 0x0000000800000000)
  eden space 40960K, 100% used [0x00000007aaa80000,0x00000007ad280000,0x00000007ad280000)
  from space 2048K, 7% used [0x00000007ad580000,0x00000007ad5a8000,0x00000007ad780000)
  to   space 2560K, 0% used [0x00000007ad280000,0x00000007ad280000,0x00000007ad500000)
 ParOldGen       total 235008K, used 185805K [0x0000000700000000, 0x000000070e580000, 0x00000007aaa80000)
  object space 235008K, 79% used [0x0000000700000000,0x000000070b573428,0x000000070e580000)
 PSPermGen       total 21504K, used 11533K [0x00000006fae00000, 0x00000006fc300000, 0x0000000700000000)
  object space 21504K, 53% used [0x00000006fae00000,0x00000006fb943590,0x00000006fc300000)
Event: 735.622 GC heap after
Heap after GC invocations=35 (full 0):
 PSYoungGen      total 41472K, used 544K [0x00000007aaa80000, 0x00000007ad700000, 0x0000000800000000)
  eden space 40448K, 0% used [0x00000007aaa80000,0x00000007aaa80000,0x00000007ad200000)
  from space 1024K, 53% used [0x00000007ad280000,0x00000007ad308000,0x00000007ad380000)
  to   space 2560K, 0% used [0x00000007ad480000,0x00000007ad480000,0x00000007ad700000)
 ParOldGen       total 235008K, used 185865K [0x0000000700000000, 0x000000070e580000, 0x00000007aaa80000)
  object space 235008K, 79% used [0x0000000700000000,0x000000070b582438,0x000000070e580000)
 PSPermGen       total 21504K, used 11533K [0x00000006fae00000, 0x00000006fc300000, 0x0000000700000000)
  object space 21504K, 53% used [0x00000006fae00000,0x00000006fb943590,0x00000006fc300000)
}

