# JRE version: Java(TM) SE Runtime Environment (7.0_67-b01) (build 1.7.0_67-b01)
# Java VM: Java HotSpot(TM) 64-Bit Server VM (24.65-b04 mixed mode bsd-amd64 compressed oops)
Heap
 PSYoungGen      total 49664K, used 39273K [0x00000007aaa80000, 0x00000007ae680000, 0x0000000800000000)
  eden space 49152K, 79% used [0x00000007aaa80000,0x00000007ad09a520,0x00000007ada80000)
  from space 512K, 50% used [0x00000007adb80000,0x00000007adbc0000,0x00000007adc00000)
  to   space 6144K, 0% used [0x00000007ae080000,0x00000007ae080000,0x00000007ae680000)
 ParOldGen       total 235008K, used 185361K [0x0000000700000000, 0x000000070e580000, 0x00000007aaa80000)
  object space 235008K, 78% used [0x0000000700000000,0x000000070b504700,0x000000070e580000)
 PSPermGen       total 21504K, used 11544K [0x00000006fae00000, 0x00000006fc300000, 0x0000000700000000)
  object space 21504K, 53% used [0x00000006fae00000,0x00000006fb9462a0,0x00000006fc300000)
GC Heap History (10 events):
Event: 3749.016 GC heap before
{Heap before GC invocations=15 (full 0):
 PSYoungGen      total 60416K, used 54496K [0x00000007aaa80000, 0x00000007aed80000, 0x0000000800000000)
  eden space 54272K, 100% used [0x00000007aaa80000,0x00000007adf80000,0x00000007adf80000)
  from space 6144K, 3% used [0x00000007ae780000,0x00000007ae7b8000,0x00000007aed80000)
  to   space 7168K, 0% used [0x00000007adf80000,0x00000007adf80000,0x00000007ae680000)
 ParOldGen       total 235008K, used 185108K [0x0000000700000000, 0x000000070e580000, 0x00000007aaa80000)
  object space 235008K, 78% used [0x0000000700000000,0x000000070b4c5148,0x000000070e580000)
 PSPermGen       total 21504K, used 11491K [0x00000006fae00000, 0x00000006fc300000, 0x0000000700000000)
  object space 21504K, 53% used [0x00000006fae00000,0x00000006fb938c10,0x00000006fc300000)
Event: 3749.018 GC heap after
Heap after GC invocations=15 (full 0):
 PSYoungGen      total 53760K, used 243K [0x00000007aaa80000, 0x00000007aec80000, 0x0000000800000000)
  eden space 53248K, 0% used [0x00000007aaa80000,0x00000007aaa80000,0x00000007ade80000)
  from space 512K, 47% used [0x00000007adf80000,0x00000007adfbcd28,0x00000007ae000000)
  to   space 7168K, 0% used [0x00000007ae580000,0x00000007ae580000,0x00000007aec80000)
 ParOldGen       total 235008K, used 185148K [0x0000000700000000, 0x000000070e580000, 0x00000007aaa80000)
  object space 235008K, 78% used [0x0000000700000000,0x000000070b4cf148,0x000000070e580000)
 PSPermGen       total 21504K, used 11491K [0x00000006fae00000, 0x00000006fc300000, 0x0000000700000000)
  object space 21504K, 53% used [0x00000006fae00000,0x00000006fb938c10,0x00000006fc300000)
}
Event: 3781.594 GC heap before
{Heap before GC invocations=16 (full 0):
 PSYoungGen      total 53760K, used 53491K [0x00000007aaa80000, 0x00000007aec80000, 0x0000000800000000)
  eden space 53248K, 100% used [0x00000007aaa80000,0x00000007ade80000,0x00000007ade80000)
  from space 512K, 47% used [0x00000007adf80000,0x00000007adfbcd28,0x00000007ae000000)
  to   space 7168K, 0% used [0x00000007ae580000,0x00000007ae580000,0x00000007aec80000)
 ParOldGen       total 235008K, used 185148K [0x0000000700000000, 0x000000070e580000, 0x00000007aaa80000)
  object space 235008K, 78% used [0x0000000700000000,0x000000070b4cf148,0x000000070e580000)
 PSPermGen       total 21504K, used 11505K [0x00000006fae00000, 0x00000006fc300000, 0x0000000700000000)
  object space 21504K, 53% used [0x00000006fae00000,0x00000006fb93c7f0,0x00000006fc300000)
Event: 3781.596 GC heap after
Heap after GC invocations=16 (full 0):
 PSYoungGen      total 57344K, used 256K [0x00000007aaa80000, 0x00000007aea80000, 0x0000000800000000)
  eden space 52224K, 0% used [0x00000007aaa80000,0x00000007aaa80000,0x00000007add80000)
  from space 5120K, 5% used [0x00000007ae580000,0x00000007ae5c0000,0x00000007aea80000)
  to   space 6656K, 0% used [0x00000007add80000,0x00000007add80000,0x00000007ae400000)
 ParOldGen       total 235008K, used 185196K [0x0000000700000000, 0x000000070e580000, 0x00000007aaa80000)
  object space 235008K, 78% used [0x0000000700000000,0x000000070b4db148,0x000000070e580000)
 PSPermGen       total 21504K, used 11505K [0x00000006fae00000, 0x00000006fc300000, 0x0000000700000000)
  object space 21504K, 53% used [0x00000006fae00000,0x00000006fb93c7f0,0x00000006fc300000)
}
Event: 3820.091 GC heap before
{Heap before GC invocations=17 (full 0):
 PSYoungGen      total 57344K, used 52480K [0x00000007aaa80000, 0x00000007aea80000, 0x0000000800000000)
  eden space 52224K, 100% used [0x00000007aaa80000,0x00000007add80000,0x00000007add80000)
  from space 5120K, 5% used [0x00000007ae580000,0x00000007ae5c0000,0x00000007aea80000)
  to   space 6656K, 0% used [0x00000007add80000,0x00000007add80000,0x00000007ae400000)
 ParOldGen       total 235008K, used 185196K [0x0000000700000000, 0x000000070e580000, 0x00000007aaa80000)
  object space 235008K, 78% used [0x0000000700000000,0x000000070b4db148,0x000000070e580000)
 PSPermGen       total 21504K, used 11513K [0x00000006fae00000, 0x00000006fc300000, 0x0000000700000000)
  object space 21504K, 53% used [0x00000006fae00000,0x00000006fb93e788,0x00000006fc300000)
Event: 3820.093 GC heap after
Heap after GC invocations=17 (full 0):
 PSYoungGen      total 51712K, used 224K [0x00000007aaa80000, 0x00000007ae980000, 0x0000000800000000)
  eden space 51200K, 0% used [0x00000007aaa80000,0x00000007aaa80000,0x00000007adc80000)
  from space 512K, 43% used [0x00000007add80000,0x00000007addb8000,0x00000007ade00000)
  to   space 6656K, 0% used [0x00000007ae300000,0x00000007ae300000,0x00000007ae980000)
 ParOldGen       total 235008K, used 185260K [0x0000000700000000, 0x000000070e580000, 0x00000007aaa80000)
  object space 235008K, 78% used [0x0000000700000000,0x000000070b4eb148,0x000000070e580000)
 PSPermGen       total 21504K, used 11513K [0x00000006fae00000, 0x00000006fc300000, 0x0000000700000000)
  object space 21504K, 53% used [0x00000006fae00000,0x00000006fb93e788,0x00000006fc300000)
}
Event: 3861.080 GC heap before
{Heap before GC invocations=18 (full 0):
 PSYoungGen      total 51712K, used 51424K [0x00000007aaa80000, 0x00000007ae980000, 0x0000000800000000)
  eden space 51200K, 100% used [0x00000007aaa80000,0x00000007adc80000,0x00000007adc80000)
  from space 512K, 43% used [0x00000007add80000,0x00000007addb8000,0x00000007ade00000)
  to   space 6656K, 0% used [0x00000007ae300000,0x00000007ae300000,0x00000007ae980000)
 ParOldGen       total 235008K, used 185260K [0x0000000700000000, 0x000000070e580000, 0x00000007aaa80000)
  object space 235008K, 78% used [0x0000000700000000,0x000000070b4eb148,0x000000070e580000)
 PSPermGen       total 21504K, used 11518K [0x00000006fae00000, 0x00000006fc300000, 0x0000000700000000)
  object space 21504K, 53% used [0x00000006fae00000,0x00000006fb93fa98,0x00000006fc300000)
Event: 3861.082 GC heap after
Heap after GC invocations=18 (full 0):
 PSYoungGen      total 54784K, used 244K [0x00000007aaa80000, 0x00000007ae780000, 0x0000000800000000)
  eden space 50176K, 0% used [0x00000007aaa80000,0x00000007aaa80000,0x00000007adb80000)
  from space 4608K, 5% used [0x00000007ae300000,0x00000007ae33d018,0x00000007ae780000)
  to   space 6144K, 0% used [0x00000007adb80000,0x00000007adb80000,0x00000007ae180000)
 ParOldGen       total 235008K, used 185316K [0x0000000700000000, 0x000000070e580000, 0x00000007aaa80000)
  object space 235008K, 78% used [0x0000000700000000,0x000000070b4f9148,0x000000070e580000)
 PSPermGen       total 21504K, used 11518K [0x00000006fae00000, 0x00000006fc300000, 0x0000000700000000)
  object space 21504K, 53% used [0x00000006fae00000,0x00000006fb93fa98,0x00000006fc300000)
}
Event: 3901.749 GC heap before
{Heap before GC invocations=19 (full 0):
 PSYoungGen      total 54784K, used 50420K [0x00000007aaa80000, 0x00000007ae780000, 0x0000000800000000)
  eden space 50176K, 100% used [0x00000007aaa80000,0x00000007adb80000,0x00000007adb80000)
  from space 4608K, 5% used [0x00000007ae300000,0x00000007ae33d018,0x00000007ae780000)
  to   space 6144K, 0% used [0x00000007adb80000,0x00000007adb80000,0x00000007ae180000)
 ParOldGen       total 235008K, used 185316K [0x0000000700000000, 0x000000070e580000, 0x00000007aaa80000)
  object space 235008K, 78% used [0x0000000700000000,0x000000070b4f9148,0x000000070e580000)
 PSPermGen       total 21504K, used 11523K [0x00000006fae00000, 0x00000006fc300000, 0x0000000700000000)
  object space 21504K, 53% used [0x00000006fae00000,0x00000006fb940de0,0x00000006fc300000)
Event: 3901.750 GC heap after
Heap after GC invocations=19 (full 0):
 PSYoungGen      total 49664K, used 256K [0x00000007aaa80000, 0x00000007ae680000, 0x0000000800000000)
  eden space 49152K, 0% used [0x00000007aaa80000,0x00000007aaa80000,0x00000007ada80000)
  from space 512K, 50% used [0x00000007adb80000,0x00000007adbc0000,0x00000007adc00000)
  to   space 6144K, 0% used [0x00000007ae080000,0x00000007ae080000,0x00000007ae680000)
 ParOldGen       total 235008K, used 185361K [0x0000000700000000, 0x000000070e580000, 0x00000007aaa80000)
  object space 235008K, 78% used [0x0000000700000000,0x000000070b504700,0x000000070e580000)
 PSPermGen       total 21504K, used 11523K [0x00000006fae00000, 0x00000006fc300000, 0x0000000700000000)
  object space 21504K, 53% used [0x00000006fae00000,0x00000006fb940de0,0x00000006fc300000)
}

